#
# There is insufficient memory for the Java Runtime Environment to continue.
# Native memory allocation (mmap) failed to map 1048576 bytes for G1 virtual space
# Possible reasons:
#   The system is out of physical RAM or swap space
#   The process is running with CompressedOops enabled, and the Java Heap may be blocking the growth of the native heap
# Possible solutions:
#   Reduce memory load on the system
#   Increase physical memory or swap space
#   Check if swap backing store is full
#   Decrease Java heap size (-Xmx/-Xms)
#   Decrease number of Java threads
#   Decrease Java thread stack sizes (-Xss)
#   Set larger code cache with -XX:ReservedCodeCacheSize=
#   JVM is running with Unscaled Compressed Oops mode in which the Java heap is
#     placed in the first 4GB address space. The Java Heap base address is the
#     maximum limit for the native heap growth. Please use -XX:HeapBaseMinAddress
#     to set the Java Heap base and to place the Java Heap above 4GB virtual address.
# This output file may be truncated or incomplete.
#
#  Out of Memory Error (os_windows.cpp:3466), pid=15980, tid=6668
#
# JRE version: OpenJDK Runtime Environment (16.0.2+7) (build 16.0.2+7-67)
# Java VM: OpenJDK 64-Bit Server VM (16.0.2+7-67, mixed mode, tiered, compressed oops, compressed class ptrs, g1 gc, windows-amd64)
# No core dump will be written. Minidumps are not enabled by default on client versions of Windows
#

---------------  S U M M A R Y ------------

Command Line: -Dfile.encoding=UTF-8 -XX:+ShowCodeDetailsInExceptionMessages tud.ai2.solitaire.Launch

Host: Intel(R) Core(TM) i5-5300U CPU @ 2.30GHz, 4 cores, 7G,  Windows 10 , 64 bit Build 19041 (10.0.19041.1348)
Time: Mon Dec 13 18:29:03 2021 W. Europe Standard Time elapsed time: 1.571364 seconds (0d 0h 0m 1s)

---------------  T H R E A D  ---------------

Current thread (0x000001d538aa8140):  JavaThread "main" [_thread_in_vm, id=6668, stack(0x000000564a600000,0x000000564a700000)]

Stack: [0x000000564a600000,0x000000564a700000]
Native frames: (J=compiled Java code, j=interpreted, Vv=VM code, C=native code)
V  [jvm.dll+0x6681ca]
V  [jvm.dll+0x7c9e69]
V  [jvm.dll+0x7cb61e]
V  [jvm.dll+0x7cbc73]
V  [jvm.dll+0x242c55]
V  [jvm.dll+0x664f89]
V  [jvm.dll+0x659b75]
V  [jvm.dll+0x2fbfbb]
V  [jvm.dll+0x3031b6]
V  [jvm.dll+0x35268b]
V  [jvm.dll+0x352cb0]
V  [jvm.dll+0x352866]
V  [jvm.dll+0x2d3804]
V  [jvm.dll+0x2cecd3]
V  [jvm.dll+0x5fbf63]
V  [jvm.dll+0x20fee5]
V  [jvm.dll+0x362ad6]
V  [jvm.dll+0x6c4766]
C  0x000001d53d92d2a9

Java frames: (J=compiled Java code, j=interpreted, Vv=VM code)
v  ~RuntimeStub::_new_array_Java
J 1109 c2 java.util.Arrays.copyOf([Ljava/lang/Object;ILjava/lang/Class;)[Ljava/lang/Object; java.base@16.0.2 (40 bytes) @ 0x000001d545347064 [0x000001d545346da0+0x00000000000002c4]
J 1033 c1 java.util.ArrayList.grow(I)[Ljava/lang/Object; java.base@16.0.2 (60 bytes) @ 0x000001d53df7573c [0x000001d53df752a0+0x000000000000049c]
J 1115% c2 tud.ai2.solitaire.model.cards.Deck.riffleMerge(Ljava/util/List;Ljava/util/List;)Ljava/util/List; (203 bytes) @ 0x000001d545348d6c [0x000001d545348860+0x000000000000050c]
j  tud.ai2.solitaire.model.cards.Deck.riffle(I)V+128
j  tud.ai2.solitaire.view.PlayingField.buildFrame()V+491
j  tud.ai2.solitaire.view.PlayingField.<init>(Ljava/lang/String;)V+10
j  tud.ai2.solitaire.Launch.main([Ljava/lang/String;)V+6
v  ~StubRoutines::call_stub

---------------  P R O C E S S  ---------------

Threads class SMR info:
_java_thread_list=0x000001d555161020, length=17, elements={
0x000001d538aa8140, 0x000001d553fbf020, 0x000001d553fc0160, 0x000001d554c09080,
0x000001d554c09a90, 0x000001d554c0d5b0, 0x000001d554c114b0, 0x000001d554c12290,
0x000001d554c12d80, 0x000001d554c15bc0, 0x000001d554d6fc10, 0x000001d554d83170,
0x000001d55506f310, 0x000001d55506f830, 0x000001d555078a80, 0x000001d5550f92b0,
0x000001d55510b040
}

Java Threads: ( => current thread )
=>0x000001d538aa8140 JavaThread "main" [_thread_in_vm, id=6668, stack(0x000000564a600000,0x000000564a700000)]
  0x000001d553fbf020 JavaThread "Reference Handler" daemon [_thread_blocked, id=15500, stack(0x000000564ad00000,0x000000564ae00000)]
  0x000001d553fc0160 JavaThread "Finalizer" daemon [_thread_blocked, id=4648, stack(0x000000564ae00000,0x000000564af00000)]
  0x000001d554c09080 JavaThread "Signal Dispatcher" daemon [_thread_blocked, id=13052, stack(0x000000564af00000,0x000000564b000000)]
  0x000001d554c09a90 JavaThread "Attach Listener" daemon [_thread_blocked, id=3264, stack(0x000000564b000000,0x000000564b100000)]
  0x000001d554c0d5b0 JavaThread "Service Thread" daemon [_thread_blocked, id=5268, stack(0x000000564b100000,0x000000564b200000)]
  0x000001d554c114b0 JavaThread "Monitor Deflation Thread" daemon [_thread_blocked, id=8624, stack(0x000000564b200000,0x000000564b300000)]
  0x000001d554c12290 JavaThread "C2 CompilerThread0" daemon [_thread_blocked, id=8800, stack(0x000000564b300000,0x000000564b400000)]
  0x000001d554c12d80 JavaThread "C1 CompilerThread0" daemon [_thread_blocked, id=9416, stack(0x000000564b400000,0x000000564b500000)]
  0x000001d554c15bc0 JavaThread "Sweeper thread" daemon [_thread_blocked, id=15112, stack(0x000000564b500000,0x000000564b600000)]
  0x000001d554d6fc10 JavaThread "Notification Thread" daemon [_thread_blocked, id=9936, stack(0x000000564b600000,0x000000564b700000)]
  0x000001d554d83170 JavaThread "Common-Cleaner" daemon [_thread_blocked, id=1324, stack(0x000000564b800000,0x000000564b900000)]
  0x000001d55506f310 JavaThread "Java2D Disposer" daemon [_thread_blocked, id=9892, stack(0x000000564b900000,0x000000564ba00000)]
  0x000001d55506f830 JavaThread "AWT-Shutdown" [_thread_blocked, id=7544, stack(0x000000564ba00000,0x000000564bb00000)]
  0x000001d555078a80 JavaThread "AWT-Windows" daemon [_thread_in_native, id=12928, stack(0x000000564bb00000,0x000000564bc00000)]
  0x000001d5550f92b0 JavaThread "AWT-EventQueue-0" [_thread_blocked, id=2324, stack(0x000000564bc00000,0x000000564bd00000)]
  0x000001d55510b040 JavaThread "TimerQueue" daemon [_thread_blocked, id=2224, stack(0x000000564bd00000,0x000000564be00000)]

Other Threads:
  0x000001d553fa8c40 VMThread "VM Thread" [stack: 0x000000564ac00000,0x000000564ad00000] [id=7400]
  0x000001d554d70540 WatcherThread [stack: 0x000000564b700000,0x000000564b800000] [id=9732]
  0x000001d538ae7fe0 GCTaskThread "GC Thread#0" [stack: 0x000000564a700000,0x000000564a800000] [id=16068]
  0x000001d5551e8eb0 GCTaskThread "GC Thread#1" [stack: 0x000000564be00000,0x000000564bf00000] [id=9752]
  0x000001d5551e99d0 GCTaskThread "GC Thread#2" [stack: 0x000000564bf00000,0x000000564c000000] [id=15560]
  0x000001d5551d95c0 GCTaskThread "GC Thread#3" [stack: 0x000000564c000000,0x000000564c100000] [id=14216]
  0x000001d538afa910 ConcurrentGCThread "G1 Main Marker" [stack: 0x000000564a800000,0x000000564a900000] [id=5292]
  0x000001d538afb400 ConcurrentGCThread "G1 Conc#0" [stack: 0x000000564a900000,0x000000564aa00000] [id=12960]
  0x000001d538b78670 ConcurrentGCThread "G1 Refine#0" [stack: 0x000000564aa00000,0x000000564ab00000] [id=10332]
  0x000001d5551f3a20 ConcurrentGCThread "G1 Refine#1" [stack: 0x000000564c100000,0x000000564c200000] [id=8368]
  0x000001d5551df3e0 ConcurrentGCThread "G1 Refine#2" [stack: 0x000000564c200000,0x000000564c300000] [id=15680]
  0x000001d55521d9e0 ConcurrentGCThread "G1 Refine#3" [stack: 0x000000564c300000,0x000000564c400000] [id=6464]
  0x000001d538b790f0 ConcurrentGCThread "G1 Service" [stack: 0x000000564ab00000,0x000000564ac00000] [id=8528]

Threads with active compile tasks:

VM state: not at safepoint (normal execution)

VM Mutex/Monitor currently owned by a thread:  ([mutex/lock_event])
[0x000001d538aa4890] Heap_lock - owner thread: 0x000001d538aa8140

Heap address: 0x0000000081e00000, size: 2018 MB, Compressed Oops mode: 32-bit

CDS disabled.
Compressed class space mapped at: 0x0000000100000000-0x0000000140000000, reserved size: 1073741824
Narrow klass base: 0x0000000000000000, Narrow klass shift: 3, Narrow klass range: 0x140000000

GC Precious Log:
 CPUs: 4 total, 4 available
 Memory: 8070M
 Large Page Support: Disabled
 NUMA Support: Disabled
 Compressed Oops: Enabled (32-bit)
 Heap Region Size: 1M
 Heap Min Capacity: 8M
 Heap Initial Capacity: 128M
 Heap Max Capacity: 2018M
 Pre-touch: Disabled
 Parallel Workers: 4
 Concurrent Workers: 1
 Concurrent Refinement Workers: 4
 Periodic GC: Disabled

Heap:
 garbage-first heap   total 256000K, used 145089K [0x0000000081e00000, 0x0000000100000000)
  region size 1024K, 32 young (32768K), 1 survivors (1024K)
 Metaspace       used 14598K, committed 14848K, reserved 1064960K
  class space    used 1409K, committed 1536K, reserved 1048576K

Heap Regions: E=young(eden), S=young(survivor), O=old, HS=humongous(starts), HC=humongous(continues), CS=collection set, F=free, OA=open archive, CA=closed archive, TAMS=top-at-mark-start (previous, next)
|   0|0x0000000081e00000, 0x0000000081f00000, 0x0000000081f00000|100%| O|  |TAMS 0x0000000081f00000, 0x0000000081e00000| Updating 
|   1|0x0000000081f00000, 0x0000000082000000, 0x0000000082000000|100%| O|  |TAMS 0x0000000082000000, 0x0000000081f00000| Updating 
|   2|0x0000000082000000, 0x0000000082000000, 0x0000000082100000|  0%| F|  |TAMS 0x0000000082000000, 0x0000000082000000| Untracked 
|   3|0x0000000082100000, 0x0000000082100000, 0x0000000082200000|  0%| F|  |TAMS 0x0000000082100000, 0x0000000082100000| Untracked 
|   4|0x0000000082200000, 0x0000000082200000, 0x0000000082300000|  0%| F|  |TAMS 0x0000000082200000, 0x0000000082200000| Untracked 
|   5|0x0000000082300000, 0x0000000082300000, 0x0000000082400000|  0%| F|  |TAMS 0x0000000082300000, 0x0000000082300000| Untracked 
|   6|0x0000000082400000, 0x0000000082400000, 0x0000000082500000|  0%| F|  |TAMS 0x0000000082400000, 0x0000000082400000| Untracked 
|   7|0x0000000082500000, 0x0000000082500000, 0x0000000082600000|  0%| F|  |TAMS 0x0000000082500000, 0x0000000082500000| Untracked 
|   8|0x0000000082600000, 0x0000000082600000, 0x0000000082700000|  0%| F|  |TAMS 0x0000000082600000, 0x0000000082600000| Untracked 
|   9|0x0000000082700000, 0x0000000082700000, 0x0000000082800000|  0%| F|  |TAMS 0x0000000082700000, 0x0000000082700000| Untracked 
|  10|0x0000000082800000, 0x0000000082800000, 0x0000000082900000|  0%| F|  |TAMS 0x0000000082800000, 0x0000000082800000| Untracked 
|  11|0x0000000082900000, 0x0000000082900000, 0x0000000082a00000|  0%| F|  |TAMS 0x0000000082900000, 0x0000000082900000| Untracked 
|  12|0x0000000082a00000, 0x0000000082a00000, 0x0000000082b00000|  0%| F|  |TAMS 0x0000000082a00000, 0x0000000082a00000| Untracked 
|  13|0x0000000082b00000, 0x0000000082b00000, 0x0000000082c00000|  0%| F|  |TAMS 0x0000000082b00000, 0x0000000082b00000| Untracked 
|  14|0x0000000082c00000, 0x0000000082c00000, 0x0000000082d00000|  0%| F|  |TAMS 0x0000000082c00000, 0x0000000082c00000| Untracked 
|  15|0x0000000082d00000, 0x0000000082d00000, 0x0000000082e00000|  0%| F|  |TAMS 0x0000000082d00000, 0x0000000082d00000| Untracked 
|  16|0x0000000082e00000, 0x0000000082e00000, 0x0000000082f00000|  0%| F|  |TAMS 0x0000000082e00000, 0x0000000082e00000| Untracked 
|  17|0x0000000082f00000, 0x0000000082f00000, 0x0000000083000000|  0%| F|  |TAMS 0x0000000082f00000, 0x0000000082f00000| Untracked 
|  18|0x0000000083000000, 0x0000000083000000, 0x0000000083100000|  0%| F|  |TAMS 0x0000000083000000, 0x0000000083000000| Untracked 
|  19|0x0000000083100000, 0x0000000083100000, 0x0000000083200000|  0%| F|  |TAMS 0x0000000083100000, 0x0000000083100000| Untracked 
|  20|0x0000000083200000, 0x0000000083200000, 0x0000000083300000|  0%| F|  |TAMS 0x0000000083200000, 0x0000000083200000| Untracked 
|  21|0x0000000083300000, 0x0000000083300000, 0x0000000083400000|  0%| F|  |TAMS 0x0000000083300000, 0x0000000083300000| Untracked 
|  22|0x0000000083400000, 0x0000000083400000, 0x0000000083500000|  0%| F|  |TAMS 0x0000000083400000, 0x0000000083400000| Untracked 
|  23|0x0000000083500000, 0x0000000083500000, 0x0000000083600000|  0%| F|  |TAMS 0x0000000083500000, 0x0000000083500000| Untracked 
|  24|0x0000000083600000, 0x0000000083600000, 0x0000000083700000|  0%| F|  |TAMS 0x0000000083600000, 0x0000000083600000| Untracked 
|  25|0x0000000083700000, 0x0000000083700000, 0x0000000083800000|  0%| F|  |TAMS 0x0000000083700000, 0x0000000083700000| Untracked 
|  26|0x0000000083800000, 0x0000000083800000, 0x0000000083900000|  0%| F|  |TAMS 0x0000000083800000, 0x0000000083800000| Untracked 
|  27|0x0000000083900000, 0x0000000083900000, 0x0000000083a00000|  0%| F|  |TAMS 0x0000000083900000, 0x0000000083900000| Untracked 
|  28|0x0000000083a00000, 0x0000000083a00000, 0x0000000083b00000|  0%| F|  |TAMS 0x0000000083a00000, 0x0000000083a00000| Untracked 
|  29|0x0000000083b00000, 0x0000000083b00000, 0x0000000083c00000|  0%| F|  |TAMS 0x0000000083b00000, 0x0000000083b00000| Untracked 
|  30|0x0000000083c00000, 0x0000000083c00000, 0x0000000083d00000|  0%| F|  |TAMS 0x0000000083c00000, 0x0000000083c00000| Untracked 
|  31|0x0000000083d00000, 0x0000000083d00000, 0x0000000083e00000|  0%| F|  |TAMS 0x0000000083d00000, 0x0000000083d00000| Untracked 
|  32|0x0000000083e00000, 0x0000000083e00000, 0x0000000083f00000|  0%| F|  |TAMS 0x0000000083e00000, 0x0000000083e00000| Untracked 
|  33|0x0000000083f00000, 0x0000000083f00000, 0x0000000084000000|  0%| F|  |TAMS 0x0000000083f00000, 0x0000000083f00000| Untracked 
|  34|0x0000000084000000, 0x0000000084000000, 0x0000000084100000|  0%| F|  |TAMS 0x0000000084000000, 0x0000000084000000| Untracked 
|  35|0x0000000084100000, 0x0000000084100000, 0x0000000084200000|  0%| F|  |TAMS 0x0000000084100000, 0x0000000084100000| Untracked 
|  36|0x0000000084200000, 0x0000000084200000, 0x0000000084300000|  0%| F|  |TAMS 0x0000000084200000, 0x0000000084200000| Untracked 
|  37|0x0000000084300000, 0x0000000084300000, 0x0000000084400000|  0%| F|  |TAMS 0x0000000084300000, 0x0000000084300000| Untracked 
|  38|0x0000000084400000, 0x0000000084400000, 0x0000000084500000|  0%| F|  |TAMS 0x0000000084400000, 0x0000000084400000| Untracked 
|  39|0x0000000084500000, 0x0000000084500000, 0x0000000084600000|  0%| F|  |TAMS 0x0000000084500000, 0x0000000084500000| Untracked 
|  40|0x0000000084600000, 0x0000000084600000, 0x0000000084700000|  0%| F|  |TAMS 0x0000000084600000, 0x0000000084600000| Untracked 
|  41|0x0000000084700000, 0x0000000084700000, 0x0000000084800000|  0%| F|  |TAMS 0x0000000084700000, 0x0000000084700000| Untracked 
|  42|0x0000000084800000, 0x0000000084800000, 0x0000000084900000|  0%| F|  |TAMS 0x0000000084800000, 0x0000000084800000| Untracked 
|  43|0x0000000084900000, 0x0000000084900000, 0x0000000084a00000|  0%| F|  |TAMS 0x0000000084900000, 0x0000000084900000| Untracked 
|  44|0x0000000084a00000, 0x0000000084a00000, 0x0000000084b00000|  0%| F|  |TAMS 0x0000000084a00000, 0x0000000084a00000| Untracked 
|  45|0x0000000084b00000, 0x0000000084b00000, 0x0000000084c00000|  0%| F|  |TAMS 0x0000000084b00000, 0x0000000084b00000| Untracked 
|  46|0x0000000084c00000, 0x0000000084c00000, 0x0000000084d00000|  0%| F|  |TAMS 0x0000000084c00000, 0x0000000084c00000| Untracked 
|  47|0x0000000084d00000, 0x0000000084d00000, 0x0000000084e00000|  0%| F|  |TAMS 0x0000000084d00000, 0x0000000084d00000| Untracked 
|  48|0x0000000084e00000, 0x0000000084e00000, 0x0000000084f00000|  0%| F|  |TAMS 0x0000000084e00000, 0x0000000084e00000| Untracked 
|  49|0x0000000084f00000, 0x0000000084f00000, 0x0000000085000000|  0%| F|  |TAMS 0x0000000084f00000, 0x0000000084f00000| Untracked 
|  50|0x0000000085000000, 0x0000000085100000, 0x0000000085100000|100%| O|  |TAMS 0x0000000085100000, 0x0000000085000000| Updating 
|  51|0x0000000085100000, 0x000000008512ee00, 0x0000000085200000| 18%| O|  |TAMS 0x000000008512ee00, 0x0000000085100000| Updating 
|  52|0x0000000085200000, 0x0000000085300000, 0x0000000085300000|100%|HS|  |TAMS 0x0000000085300000, 0x0000000085200000| Complete 
|  53|0x0000000085300000, 0x0000000085400000, 0x0000000085400000|100%|HC|  |TAMS 0x0000000085400000, 0x0000000085300000| Complete 
|  54|0x0000000085400000, 0x0000000085500000, 0x0000000085500000|100%|HC|  |TAMS 0x0000000085500000, 0x0000000085400000| Complete 
|  55|0x0000000085500000, 0x0000000085600000, 0x0000000085600000|100%|HC|  |TAMS 0x0000000085600000, 0x0000000085500000| Complete 
|  56|0x0000000085600000, 0x0000000085700000, 0x0000000085700000|100%|HC|  |TAMS 0x0000000085700000, 0x0000000085600000| Complete 
|  57|0x0000000085700000, 0x0000000085800000, 0x0000000085800000|100%|HC|  |TAMS 0x0000000085800000, 0x0000000085700000| Complete 
|  58|0x0000000085800000, 0x0000000085900000, 0x0000000085900000|100%|HC|  |TAMS 0x0000000085900000, 0x0000000085800000| Complete 
|  59|0x0000000085900000, 0x0000000085a00000, 0x0000000085a00000|100%|HC|  |TAMS 0x0000000085a00000, 0x0000000085900000| Complete 
|  60|0x0000000085a00000, 0x0000000085b00000, 0x0000000085b00000|100%|HC|  |TAMS 0x0000000085b00000, 0x0000000085a00000| Complete 
|  61|0x0000000085b00000, 0x0000000085c00000, 0x0000000085c00000|100%|HC|  |TAMS 0x0000000085c00000, 0x0000000085b00000| Complete 
|  62|0x0000000085c00000, 0x0000000085d00000, 0x0000000085d00000|100%|HC|  |TAMS 0x0000000085d00000, 0x0000000085c00000| Complete 
|  63|0x0000000085d00000, 0x0000000085e00000, 0x0000000085e00000|100%|HC|  |TAMS 0x0000000085e00000, 0x0000000085d00000| Complete 
|  64|0x0000000085e00000, 0x0000000085f00000, 0x0000000085f00000|100%|HC|  |TAMS 0x0000000085f00000, 0x0000000085e00000| Complete 
|  65|0x0000000085f00000, 0x0000000086000000, 0x0000000086000000|100%|HC|  |TAMS 0x0000000086000000, 0x0000000085f00000| Complete 
|  66|0x0000000086000000, 0x0000000086100000, 0x0000000086100000|100%|HC|  |TAMS 0x0000000086100000, 0x0000000086000000| Complete 
|  67|0x0000000086100000, 0x0000000086200000, 0x0000000086200000|100%|HC|  |TAMS 0x0000000086200000, 0x0000000086100000| Complete 
|  68|0x0000000086200000, 0x0000000086300000, 0x0000000086300000|100%|HC|  |TAMS 0x0000000086300000, 0x0000000086200000| Complete 
|  69|0x0000000086300000, 0x0000000086400000, 0x0000000086400000|100%|HC|  |TAMS 0x0000000086400000, 0x0000000086300000| Complete 
|  70|0x0000000086400000, 0x0000000086500000, 0x0000000086500000|100%|HC|  |TAMS 0x0000000086500000, 0x0000000086400000| Complete 
|  71|0x0000000086500000, 0x0000000086600000, 0x0000000086600000|100%|HC|  |TAMS 0x0000000086600000, 0x0000000086500000| Complete 
|  72|0x0000000086600000, 0x0000000086700000, 0x0000000086700000|100%|HC|  |TAMS 0x0000000086700000, 0x0000000086600000| Complete 
|  73|0x0000000086700000, 0x0000000086800000, 0x0000000086800000|100%|HC|  |TAMS 0x0000000086800000, 0x0000000086700000| Complete 
|  74|0x0000000086800000, 0x0000000086900000, 0x0000000086900000|100%|HC|  |TAMS 0x0000000086900000, 0x0000000086800000| Complete 
|  75|0x0000000086900000, 0x0000000086a00000, 0x0000000086a00000|100%|HS|  |TAMS 0x0000000086900000, 0x0000000086900000| Complete 
|  76|0x0000000086a00000, 0x0000000086b00000, 0x0000000086b00000|100%|HC|  |TAMS 0x0000000086a00000, 0x0000000086a00000| Complete 
|  77|0x0000000086b00000, 0x0000000086c00000, 0x0000000086c00000|100%|HC|  |TAMS 0x0000000086b00000, 0x0000000086b00000| Complete 
|  78|0x0000000086c00000, 0x0000000086d00000, 0x0000000086d00000|100%|HC|  |TAMS 0x0000000086c00000, 0x0000000086c00000| Complete 
|  79|0x0000000086d00000, 0x0000000086e00000, 0x0000000086e00000|100%|HC|  |TAMS 0x0000000086d00000, 0x0000000086d00000| Complete 
|  80|0x0000000086e00000, 0x0000000086f00000, 0x0000000086f00000|100%|HC|  |TAMS 0x0000000086e00000, 0x0000000086e00000| Complete 
|  81|0x0000000086f00000, 0x0000000087000000, 0x0000000087000000|100%|HC|  |TAMS 0x0000000086f00000, 0x0000000086f00000| Complete 
|  82|0x0000000087000000, 0x0000000087100000, 0x0000000087100000|100%|HC|  |TAMS 0x0000000087000000, 0x0000000087000000| Complete 
|  83|0x0000000087100000, 0x0000000087200000, 0x0000000087200000|100%|HC|  |TAMS 0x0000000087100000, 0x0000000087100000| Complete 
|  84|0x0000000087200000, 0x0000000087300000, 0x0000000087300000|100%|HC|  |TAMS 0x0000000087200000, 0x0000000087200000| Complete 
|  85|0x0000000087300000, 0x0000000087400000, 0x0000000087400000|100%|HC|  |TAMS 0x0000000087300000, 0x0000000087300000| Complete 
|  86|0x0000000087400000, 0x0000000087500000, 0x0000000087500000|100%|HC|  |TAMS 0x0000000087400000, 0x0000000087400000| Complete 
|  87|0x0000000087500000, 0x0000000087600000, 0x0000000087600000|100%|HC|  |TAMS 0x0000000087500000, 0x0000000087500000| Complete 
|  88|0x0000000087600000, 0x0000000087700000, 0x0000000087700000|100%|HC|  |TAMS 0x0000000087600000, 0x0000000087600000| Complete 
|  89|0x0000000087700000, 0x0000000087800000, 0x0000000087800000|100%|HC|  |TAMS 0x0000000087700000, 0x0000000087700000| Complete 
|  90|0x0000000087800000, 0x0000000087900000, 0x0000000087900000|100%|HC|  |TAMS 0x0000000087800000, 0x0000000087800000| Complete 
|  91|0x0000000087900000, 0x0000000087a00000, 0x0000000087a00000|100%|HC|  |TAMS 0x0000000087900000, 0x0000000087900000| Complete 
|  92|0x0000000087a00000, 0x0000000087b00000, 0x0000000087b00000|100%|HC|  |TAMS 0x0000000087a00000, 0x0000000087a00000| Complete 
|  93|0x0000000087b00000, 0x0000000087c00000, 0x0000000087c00000|100%|HC|  |TAMS 0x0000000087b00000, 0x0000000087b00000| Complete 
|  94|0x0000000087c00000, 0x0000000087d00000, 0x0000000087d00000|100%|HC|  |TAMS 0x0000000087c00000, 0x0000000087c00000| Complete 
|  95|0x0000000087d00000, 0x0000000087e00000, 0x0000000087e00000|100%|HC|  |TAMS 0x0000000087d00000, 0x0000000087d00000| Complete 
|  96|0x0000000087e00000, 0x0000000087f00000, 0x0000000087f00000|100%|HC|  |TAMS 0x0000000087e00000, 0x0000000087e00000| Complete 
|  97|0x0000000087f00000, 0x0000000088000000, 0x0000000088000000|100%|HC|  |TAMS 0x0000000087f00000, 0x0000000087f00000| Complete 
|  98|0x0000000088000000, 0x0000000088100000, 0x0000000088100000|100%|HC|  |TAMS 0x0000000088000000, 0x0000000088000000| Complete 
|  99|0x0000000088100000, 0x0000000088200000, 0x0000000088200000|100%|HC|  |TAMS 0x0000000088100000, 0x0000000088100000| Complete 
| 100|0x0000000088200000, 0x0000000088300000, 0x0000000088300000|100%|HC|  |TAMS 0x0000000088200000, 0x0000000088200000| Complete 
| 101|0x0000000088300000, 0x0000000088400000, 0x0000000088400000|100%|HC|  |TAMS 0x0000000088300000, 0x0000000088300000| Complete 
| 102|0x0000000088400000, 0x0000000088500000, 0x0000000088500000|100%|HC|  |TAMS 0x0000000088400000, 0x0000000088400000| Complete 
| 103|0x0000000088500000, 0x0000000088600000, 0x0000000088600000|100%|HC|  |TAMS 0x0000000088500000, 0x0000000088500000| Complete 
| 104|0x0000000088600000, 0x0000000088700000, 0x0000000088700000|100%|HC|  |TAMS 0x0000000088600000, 0x0000000088600000| Complete 
| 105|0x0000000088700000, 0x0000000088800000, 0x0000000088800000|100%|HC|  |TAMS 0x0000000088700000, 0x0000000088700000| Complete 
| 106|0x0000000088800000, 0x0000000088900000, 0x0000000088900000|100%|HC|  |TAMS 0x0000000088800000, 0x0000000088800000| Complete 
| 107|0x0000000088900000, 0x0000000088a00000, 0x0000000088a00000|100%|HC|  |TAMS 0x0000000088900000, 0x0000000088900000| Complete 
| 108|0x0000000088a00000, 0x0000000088b00000, 0x0000000088b00000|100%|HC|  |TAMS 0x0000000088a00000, 0x0000000088a00000| Complete 
| 109|0x0000000088b00000, 0x0000000088b00000, 0x0000000088c00000|  0%| F|  |TAMS 0x0000000088b00000, 0x0000000088b00000| Untracked 
| 110|0x0000000088c00000, 0x0000000088c00000, 0x0000000088d00000|  0%| F|  |TAMS 0x0000000088c00000, 0x0000000088c00000| Untracked 
| 111|0x0000000088d00000, 0x0000000088d00000, 0x0000000088e00000|  0%| F|  |TAMS 0x0000000088d00000, 0x0000000088d00000| Untracked 
| 112|0x0000000088e00000, 0x0000000088e00000, 0x0000000088f00000|  0%| F|  |TAMS 0x0000000088e00000, 0x0000000088e00000| Untracked 
| 113|0x0000000088f00000, 0x0000000088f00000, 0x0000000089000000|  0%| F|  |TAMS 0x0000000088f00000, 0x0000000088f00000| Untracked 
| 114|0x0000000089000000, 0x0000000089100000, 0x0000000089100000|100%| E|CS|TAMS 0x0000000089000000, 0x0000000089000000| Complete 
| 115|0x0000000089100000, 0x0000000089200000, 0x0000000089200000|100%| E|CS|TAMS 0x0000000089100000, 0x0000000089100000| Complete 
| 116|0x0000000089200000, 0x0000000089300000, 0x0000000089300000|100%| E|CS|TAMS 0x0000000089200000, 0x0000000089200000| Complete 
| 117|0x0000000089300000, 0x0000000089400000, 0x0000000089400000|100%| E|CS|TAMS 0x0000000089300000, 0x0000000089300000| Complete 
| 118|0x0000000089400000, 0x0000000089500000, 0x0000000089500000|100%| E|CS|TAMS 0x0000000089400000, 0x0000000089400000| Complete 
| 119|0x0000000089500000, 0x0000000089600000, 0x0000000089600000|100%| E|CS|TAMS 0x0000000089500000, 0x0000000089500000| Complete 
| 120|0x0000000089600000, 0x0000000089700000, 0x0000000089700000|100%| E|CS|TAMS 0x0000000089600000, 0x0000000089600000| Complete 
| 121|0x0000000089700000, 0x0000000089800000, 0x0000000089800000|100%| E|CS|TAMS 0x0000000089700000, 0x0000000089700000| Complete 
| 122|0x0000000089800000, 0x0000000089900000, 0x0000000089900000|100%| E|CS|TAMS 0x0000000089800000, 0x0000000089800000| Complete 
| 123|0x0000000089900000, 0x0000000089901020, 0x0000000089a00000|  0%| S|CS|TAMS 0x0000000089900000, 0x0000000089900000| Complete 
| 124|0x0000000089a00000, 0x0000000089b00000, 0x0000000089b00000|100%| E|CS|TAMS 0x0000000089a00000, 0x0000000089a00000| Complete 
| 125|0x0000000089b00000, 0x0000000089c00000, 0x0000000089c00000|100%| E|CS|TAMS 0x0000000089b00000, 0x0000000089b00000| Complete 
| 126|0x0000000089c00000, 0x0000000089d00000, 0x0000000089d00000|100%| E|CS|TAMS 0x0000000089c00000, 0x0000000089c00000| Complete 
| 127|0x0000000089d00000, 0x0000000089e00000, 0x0000000089e00000|100%| E|CS|TAMS 0x0000000089d00000, 0x0000000089d00000| Complete 
| 128|0x0000000089e00000, 0x0000000089f00000, 0x0000000089f00000|100%|HS|  |TAMS 0x0000000089e00000, 0x0000000089e00000| Complete 
| 129|0x0000000089f00000, 0x000000008a000000, 0x000000008a000000|100%|HC|  |TAMS 0x0000000089f00000, 0x0000000089f00000| Complete 
| 130|0x000000008a000000, 0x000000008a100000, 0x000000008a100000|100%|HC|  |TAMS 0x000000008a000000, 0x000000008a000000| Complete 
| 131|0x000000008a100000, 0x000000008a200000, 0x000000008a200000|100%|HC|  |TAMS 0x000000008a100000, 0x000000008a100000| Complete 
| 132|0x000000008a200000, 0x000000008a300000, 0x000000008a300000|100%|HC|  |TAMS 0x000000008a200000, 0x000000008a200000| Complete 
| 133|0x000000008a300000, 0x000000008a400000, 0x000000008a400000|100%|HC|  |TAMS 0x000000008a300000, 0x000000008a300000| Complete 
| 134|0x000000008a400000, 0x000000008a500000, 0x000000008a500000|100%|HC|  |TAMS 0x000000008a400000, 0x000000008a400000| Complete 
| 135|0x000000008a500000, 0x000000008a600000, 0x000000008a600000|100%|HC|  |TAMS 0x000000008a500000, 0x000000008a500000| Complete 
| 136|0x000000008a600000, 0x000000008a700000, 0x000000008a700000|100%|HC|  |TAMS 0x000000008a600000, 0x000000008a600000| Complete 
| 137|0x000000008a700000, 0x000000008a800000, 0x000000008a800000|100%|HC|  |TAMS 0x000000008a700000, 0x000000008a700000| Complete 
| 138|0x000000008a800000, 0x000000008a900000, 0x000000008a900000|100%|HC|  |TAMS 0x000000008a800000, 0x000000008a800000| Complete 
| 139|0x000000008a900000, 0x000000008aa00000, 0x000000008aa00000|100%|HC|  |TAMS 0x000000008a900000, 0x000000008a900000| Complete 
| 140|0x000000008aa00000, 0x000000008ab00000, 0x000000008ab00000|100%|HC|  |TAMS 0x000000008aa00000, 0x000000008aa00000| Complete 
| 141|0x000000008ab00000, 0x000000008ac00000, 0x000000008ac00000|100%|HC|  |TAMS 0x000000008ab00000, 0x000000008ab00000| Complete 
| 142|0x000000008ac00000, 0x000000008ad00000, 0x000000008ad00000|100%|HC|  |TAMS 0x000000008ac00000, 0x000000008ac00000| Complete 
| 143|0x000000008ad00000, 0x000000008ae00000, 0x000000008ae00000|100%|HC|  |TAMS 0x000000008ad00000, 0x000000008ad00000| Complete 
| 144|0x000000008ae00000, 0x000000008af00000, 0x000000008af00000|100%|HC|  |TAMS 0x000000008ae00000, 0x000000008ae00000| Complete 
| 145|0x000000008af00000, 0x000000008b000000, 0x000000008b000000|100%|HC|  |TAMS 0x000000008af00000, 0x000000008af00000| Complete 
| 146|0x000000008b000000, 0x000000008b100000, 0x000000008b100000|100%|HC|  |TAMS 0x000000008b000000, 0x000000008b000000| Complete 
| 147|0x000000008b100000, 0x000000008b200000, 0x000000008b200000|100%|HC|  |TAMS 0x000000008b100000, 0x000000008b100000| Complete 
| 148|0x000000008b200000, 0x000000008b300000, 0x000000008b300000|100%|HC|  |TAMS 0x000000008b200000, 0x000000008b200000| Complete 
| 149|0x000000008b300000, 0x000000008b400000, 0x000000008b400000|100%|HC|  |TAMS 0x000000008b300000, 0x000000008b300000| Complete 
| 150|0x000000008b400000, 0x000000008b500000, 0x000000008b500000|100%|HC|  |TAMS 0x000000008b400000, 0x000000008b400000| Complete 
| 151|0x000000008b500000, 0x000000008b600000, 0x000000008b600000|100%|HC|  |TAMS 0x000000008b500000, 0x000000008b500000| Complete 
| 152|0x000000008b600000, 0x000000008b700000, 0x000000008b700000|100%|HC|  |TAMS 0x000000008b600000, 0x000000008b600000| Complete 
| 153|0x000000008b700000, 0x000000008b800000, 0x000000008b800000|100%|HC|  |TAMS 0x000000008b700000, 0x000000008b700000| Complete 
| 154|0x000000008b800000, 0x000000008b900000, 0x000000008b900000|100%|HC|  |TAMS 0x000000008b800000, 0x000000008b800000| Complete 
| 155|0x000000008b900000, 0x000000008ba00000, 0x000000008ba00000|100%|HC|  |TAMS 0x000000008b900000, 0x000000008b900000| Complete 
| 156|0x000000008ba00000, 0x000000008bb00000, 0x000000008bb00000|100%|HC|  |TAMS 0x000000008ba00000, 0x000000008ba00000| Complete 
| 157|0x000000008bb00000, 0x000000008bc00000, 0x000000008bc00000|100%|HC|  |TAMS 0x000000008bb00000, 0x000000008bb00000| Complete 
| 158|0x000000008bc00000, 0x000000008bd00000, 0x000000008bd00000|100%|HC|  |TAMS 0x000000008bc00000, 0x000000008bc00000| Complete 
| 159|0x000000008bd00000, 0x000000008be00000, 0x000000008be00000|100%|HC|  |TAMS 0x000000008bd00000, 0x000000008bd00000| Complete 
| 160|0x000000008be00000, 0x000000008bf00000, 0x000000008bf00000|100%|HC|  |TAMS 0x000000008be00000, 0x000000008be00000| Complete 
| 161|0x000000008bf00000, 0x000000008c000000, 0x000000008c000000|100%|HC|  |TAMS 0x000000008bf00000, 0x000000008bf00000| Complete 
| 162|0x000000008c000000, 0x000000008c100000, 0x000000008c100000|100%|HC|  |TAMS 0x000000008c000000, 0x000000008c000000| Complete 
| 163|0x000000008c100000, 0x000000008c200000, 0x000000008c200000|100%|HC|  |TAMS 0x000000008c100000, 0x000000008c100000| Complete 
| 164|0x000000008c200000, 0x000000008c300000, 0x000000008c300000|100%|HC|  |TAMS 0x000000008c200000, 0x000000008c200000| Complete 
| 165|0x000000008c300000, 0x000000008c400000, 0x000000008c400000|100%|HC|  |TAMS 0x000000008c300000, 0x000000008c300000| Complete 
| 166|0x000000008c400000, 0x000000008c500000, 0x000000008c500000|100%|HC|  |TAMS 0x000000008c400000, 0x000000008c400000| Complete 
| 167|0x000000008c500000, 0x000000008c600000, 0x000000008c600000|100%|HC|  |TAMS 0x000000008c500000, 0x000000008c500000| Complete 
| 168|0x000000008c600000, 0x000000008c700000, 0x000000008c700000|100%|HC|  |TAMS 0x000000008c600000, 0x000000008c600000| Complete 
| 169|0x000000008c700000, 0x000000008c800000, 0x000000008c800000|100%|HC|  |TAMS 0x000000008c700000, 0x000000008c700000| Complete 
| 170|0x000000008c800000, 0x000000008c900000, 0x000000008c900000|100%|HC|  |TAMS 0x000000008c800000, 0x000000008c800000| Complete 
| 171|0x000000008c900000, 0x000000008ca00000, 0x000000008ca00000|100%|HC|  |TAMS 0x000000008c900000, 0x000000008c900000| Complete 
| 172|0x000000008ca00000, 0x000000008cb00000, 0x000000008cb00000|100%|HC|  |TAMS 0x000000008ca00000, 0x000000008ca00000| Complete 
| 173|0x000000008cb00000, 0x000000008cc00000, 0x000000008cc00000|100%|HC|  |TAMS 0x000000008cb00000, 0x000000008cb00000| Complete 
| 174|0x000000008cc00000, 0x000000008cd00000, 0x000000008cd00000|100%|HC|  |TAMS 0x000000008cc00000, 0x000000008cc00000| Complete 
| 175|0x000000008cd00000, 0x000000008ce00000, 0x000000008ce00000|100%|HC|  |TAMS 0x000000008cd00000, 0x000000008cd00000| Complete 
| 176|0x000000008ce00000, 0x000000008cf00000, 0x000000008cf00000|100%|HC|  |TAMS 0x000000008ce00000, 0x000000008ce00000| Complete 
| 177|0x000000008cf00000, 0x000000008d000000, 0x000000008d000000|100%|HC|  |TAMS 0x000000008cf00000, 0x000000008cf00000| Complete 
| 178|0x000000008d000000, 0x000000008d100000, 0x000000008d100000|100%|HC|  |TAMS 0x000000008d000000, 0x000000008d000000| Complete 
| 179|0x000000008d100000, 0x000000008d100000, 0x000000008d200000|  0%| F|  |TAMS 0x000000008d100000, 0x000000008d100000| Untracked 
| 180|0x000000008d200000, 0x000000008d200000, 0x000000008d300000|  0%| F|  |TAMS 0x000000008d200000, 0x000000008d200000| Untracked 
| 181|0x000000008d300000, 0x000000008d300000, 0x000000008d400000|  0%| F|  |TAMS 0x000000008d300000, 0x000000008d300000| Untracked 
| 182|0x000000008d400000, 0x000000008d400000, 0x000000008d500000|  0%| F|  |TAMS 0x000000008d400000, 0x000000008d400000| Untracked 
| 183|0x000000008d500000, 0x000000008d500000, 0x000000008d600000|  0%| F|  |TAMS 0x000000008d500000, 0x000000008d500000| Untracked 
| 184|0x000000008d600000, 0x000000008d600000, 0x000000008d700000|  0%| F|  |TAMS 0x000000008d600000, 0x000000008d600000| Untracked 
| 185|0x000000008d700000, 0x000000008d700000, 0x000000008d800000|  0%| F|  |TAMS 0x000000008d700000, 0x000000008d700000| Untracked 
| 186|0x000000008d800000, 0x000000008d800000, 0x000000008d900000|  0%| F|  |TAMS 0x000000008d800000, 0x000000008d800000| Untracked 
| 187|0x000000008d900000, 0x000000008d900000, 0x000000008da00000|  0%| F|  |TAMS 0x000000008d900000, 0x000000008d900000| Untracked 
| 188|0x000000008da00000, 0x000000008da00000, 0x000000008db00000|  0%| F|  |TAMS 0x000000008da00000, 0x000000008da00000| Untracked 
| 189|0x000000008db00000, 0x000000008db00000, 0x000000008dc00000|  0%| F|  |TAMS 0x000000008db00000, 0x000000008db00000| Untracked 
| 190|0x000000008dc00000, 0x000000008dc00000, 0x000000008dd00000|  0%| F|  |TAMS 0x000000008dc00000, 0x000000008dc00000| Untracked 
| 191|0x000000008dd00000, 0x000000008dd00000, 0x000000008de00000|  0%| F|  |TAMS 0x000000008dd00000, 0x000000008dd00000| Untracked 
| 192|0x000000008de00000, 0x000000008de80800, 0x000000008df00000| 50%| E|  |TAMS 0x000000008de00000, 0x000000008de00000| Complete 
| 193|0x000000008df00000, 0x000000008e000000, 0x000000008e000000|100%| E|CS|TAMS 0x000000008df00000, 0x000000008df00000| Complete 
| 194|0x000000008e000000, 0x000000008e100000, 0x000000008e100000|100%| E|CS|TAMS 0x000000008e000000, 0x000000008e000000| Complete 
| 195|0x000000008e100000, 0x000000008e200000, 0x000000008e200000|100%| E|CS|TAMS 0x000000008e100000, 0x000000008e100000| Complete 
| 196|0x000000008e200000, 0x000000008e300000, 0x000000008e300000|100%| E|CS|TAMS 0x000000008e200000, 0x000000008e200000| Complete 
| 197|0x000000008e300000, 0x000000008e400000, 0x000000008e400000|100%| E|CS|TAMS 0x000000008e300000, 0x000000008e300000| Complete 
| 198|0x000000008e400000, 0x000000008e500000, 0x000000008e500000|100%| E|CS|TAMS 0x000000008e400000, 0x000000008e400000| Complete 
| 199|0x000000008e500000, 0x000000008e600000, 0x000000008e600000|100%| E|CS|TAMS 0x000000008e500000, 0x000000008e500000| Complete 
| 200|0x000000008e600000, 0x000000008e700000, 0x000000008e700000|100%| E|CS|TAMS 0x000000008e600000, 0x000000008e600000| Complete 
| 201|0x000000008e700000, 0x000000008e800000, 0x000000008e800000|100%| E|CS|TAMS 0x000000008e700000, 0x000000008e700000| Complete 
| 202|0x000000008e800000, 0x000000008e900000, 0x000000008e900000|100%| E|CS|TAMS 0x000000008e800000, 0x000000008e800000| Complete 
| 203|0x000000008e900000, 0x000000008ea00000, 0x000000008ea00000|100%| E|CS|TAMS 0x000000008e900000, 0x000000008e900000| Complete 
| 204|0x000000008ea00000, 0x000000008eb00000, 0x000000008eb00000|100%| E|CS|TAMS 0x000000008ea00000, 0x000000008ea00000| Complete 
| 205|0x000000008eb00000, 0x000000008ec00000, 0x000000008ec00000|100%| E|CS|TAMS 0x000000008eb00000, 0x000000008eb00000| Complete 
| 206|0x000000008ec00000, 0x000000008ed00000, 0x000000008ed00000|100%| E|CS|TAMS 0x000000008ec00000, 0x000000008ec00000| Complete 
| 207|0x000000008ed00000, 0x000000008ee00000, 0x000000008ee00000|100%| E|CS|TAMS 0x000000008ed00000, 0x000000008ed00000| Complete 
| 208|0x000000008ee00000, 0x000000008ef00000, 0x000000008ef00000|100%| E|CS|TAMS 0x000000008ee00000, 0x000000008ee00000| Complete 
| 209|0x000000008ef00000, 0x000000008f000000, 0x000000008f000000|100%| E|CS|TAMS 0x000000008ef00000, 0x000000008ef00000| Complete 
| 210|0x000000008f000000, 0x000000008f000000, 0x000000008f100000|  0%| F|  |TAMS 0x000000008f000000, 0x000000008f000000| Untracked 
| 211|0x000000008f100000, 0x000000008f100000, 0x000000008f200000|  0%| F|  |TAMS 0x000000008f100000, 0x000000008f100000| Untracked 
| 212|0x000000008f200000, 0x000000008f200000, 0x000000008f300000|  0%| F|  |TAMS 0x000000008f200000, 0x000000008f200000| Untracked 
| 213|0x000000008f300000, 0x000000008f300000, 0x000000008f400000|  0%| F|  |TAMS 0x000000008f300000, 0x000000008f300000| Untracked 
| 214|0x000000008f400000, 0x000000008f400000, 0x000000008f500000|  0%| F|  |TAMS 0x000000008f400000, 0x000000008f400000| Untracked 
| 215|0x000000008f500000, 0x000000008f500000, 0x000000008f600000|  0%| F|  |TAMS 0x000000008f500000, 0x000000008f500000| Untracked 
| 216|0x000000008f600000, 0x000000008f600000, 0x000000008f700000|  0%| F|  |TAMS 0x000000008f600000, 0x000000008f600000| Untracked 
| 217|0x000000008f700000, 0x000000008f700000, 0x000000008f800000|  0%| F|  |TAMS 0x000000008f700000, 0x000000008f700000| Untracked 
| 218|0x000000008f800000, 0x000000008f800000, 0x000000008f900000|  0%| F|  |TAMS 0x000000008f800000, 0x000000008f800000| Untracked 
| 219|0x000000008f900000, 0x000000008f900000, 0x000000008fa00000|  0%| F|  |TAMS 0x000000008f900000, 0x000000008f900000| Untracked 
| 220|0x000000008fa00000, 0x000000008fa00000, 0x000000008fb00000|  0%| F|  |TAMS 0x000000008fa00000, 0x000000008fa00000| Untracked 
| 221|0x000000008fb00000, 0x000000008fb00000, 0x000000008fc00000|  0%| F|  |TAMS 0x000000008fb00000, 0x000000008fb00000| Untracked 
| 222|0x000000008fc00000, 0x000000008fc00000, 0x000000008fd00000|  0%| F|  |TAMS 0x000000008fc00000, 0x000000008fc00000| Untracked 
| 223|0x000000008fd00000, 0x000000008fd00000, 0x000000008fe00000|  0%| F|  |TAMS 0x000000008fd00000, 0x000000008fd00000| Untracked 
| 224|0x000000008fe00000, 0x000000008fe00000, 0x000000008ff00000|  0%| F|  |TAMS 0x000000008fe00000, 0x000000008fe00000| Untracked 
| 225|0x000000008ff00000, 0x000000008ff00000, 0x0000000090000000|  0%| F|  |TAMS 0x000000008ff00000, 0x000000008ff00000| Untracked 
| 226|0x0000000090000000, 0x0000000090000000, 0x0000000090100000|  0%| F|  |TAMS 0x0000000090000000, 0x0000000090000000| Untracked 
| 227|0x0000000090100000, 0x0000000090100000, 0x0000000090200000|  0%| F|  |TAMS 0x0000000090100000, 0x0000000090100000| Untracked 
| 228|0x0000000090200000, 0x0000000090200000, 0x0000000090300000|  0%| F|  |TAMS 0x0000000090200000, 0x0000000090200000| Untracked 
| 229|0x0000000090300000, 0x0000000090300000, 0x0000000090400000|  0%| F|  |TAMS 0x0000000090300000, 0x0000000090300000| Untracked 
| 230|0x0000000090400000, 0x0000000090400000, 0x0000000090500000|  0%| F|  |TAMS 0x0000000090400000, 0x0000000090400000| Untracked 
| 231|0x0000000090500000, 0x0000000090500000, 0x0000000090600000|  0%| F|  |TAMS 0x0000000090500000, 0x0000000090500000| Untracked 
| 232|0x0000000090600000, 0x0000000090600000, 0x0000000090700000|  0%| F|  |TAMS 0x0000000090600000, 0x0000000090600000| Untracked 
| 233|0x0000000090700000, 0x0000000090700000, 0x0000000090800000|  0%| F|  |TAMS 0x0000000090700000, 0x0000000090700000| Untracked 
| 234|0x0000000090800000, 0x0000000090800000, 0x0000000090900000|  0%| F|  |TAMS 0x0000000090800000, 0x0000000090800000| Untracked 
| 235|0x0000000090900000, 0x0000000090900000, 0x0000000090a00000|  0%| F|  |TAMS 0x0000000090900000, 0x0000000090900000| Untracked 
| 236|0x0000000090a00000, 0x0000000090a00000, 0x0000000090b00000|  0%| F|  |TAMS 0x0000000090a00000, 0x0000000090a00000| Untracked 
| 237|0x0000000090b00000, 0x0000000090b00000, 0x0000000090c00000|  0%| F|  |TAMS 0x0000000090b00000, 0x0000000090b00000| Untracked 
| 238|0x0000000090c00000, 0x0000000090c00000, 0x0000000090d00000|  0%| F|  |TAMS 0x0000000090c00000, 0x0000000090c00000| Untracked 
| 239|0x0000000090d00000, 0x0000000090d00000, 0x0000000090e00000|  0%| F|  |TAMS 0x0000000090d00000, 0x0000000090d00000| Untracked 
| 240|0x0000000090e00000, 0x0000000090e00000, 0x0000000090f00000|  0%| F|  |TAMS 0x0000000090e00000, 0x0000000090e00000| Untracked 
| 241|0x0000000090f00000, 0x0000000090f00000, 0x0000000091000000|  0%| F|  |TAMS 0x0000000090f00000, 0x0000000090f00000| Untracked 
| 242|0x0000000091000000, 0x0000000091000000, 0x0000000091100000|  0%| F|  |TAMS 0x0000000091000000, 0x0000000091000000| Untracked 
| 243|0x0000000091100000, 0x0000000091100000, 0x0000000091200000|  0%| F|  |TAMS 0x0000000091100000, 0x0000000091100000| Untracked 
| 244|0x0000000091200000, 0x0000000091200000, 0x0000000091300000|  0%| F|  |TAMS 0x0000000091200000, 0x0000000091200000| Untracked 
| 245|0x0000000091300000, 0x0000000091300000, 0x0000000091400000|  0%| F|  |TAMS 0x0000000091300000, 0x0000000091300000| Untracked 
| 246|0x0000000091400000, 0x0000000091400000, 0x0000000091500000|  0%| F|  |TAMS 0x0000000091400000, 0x0000000091400000| Untracked 
| 247|0x0000000091500000, 0x0000000091500000, 0x0000000091600000|  0%| F|  |TAMS 0x0000000091500000, 0x0000000091500000| Untracked 
| 248|0x0000000091600000, 0x0000000091600000, 0x0000000091700000|  0%| F|  |TAMS 0x0000000091600000, 0x0000000091600000| Untracked 
| 249|0x0000000091700000, 0x0000000091700000, 0x0000000091800000|  0%| F|  |TAMS 0x0000000091700000, 0x0000000091700000| Untracked 

Card table byte_map: [0x000001d54d250000,0x000001d54d650000] _byte_map_base: 0x000001d54ce41000

Marking Bits (Prev, Next): (CMBitMap*) 0x000001d538ae9b20, (CMBitMap*) 0x000001d538ae9ae0
 Prev Bits: [0x000001d54f9e0000, 0x000001d551968000)
 Next Bits: [0x000001d54da50000, 0x000001d54f9d8000)

Polling page: 0x000001d538970000

Metaspace:

Usage:
  Non-class:     12.88 MB used.
      Class:      1.38 MB used.
       Both:     14.26 MB used.

Virtual space:
  Non-class space:       16.00 MB reserved,      13.00 MB ( 81%) committed,  2 nodes.
      Class space:        1.00 GB reserved,       1.50 MB ( <1%) committed,  1 nodes.
              Both:        1.02 GB reserved,      14.50 MB (  1%) committed. 

Chunk freelists:
   Non-Class:  2.98 MB
       Class:  2.54 MB
        Both:  5.52 MB

MaxMetaspaceSize: 17179869184.00 GB
CompressedClassSpaceSize: 1.00 GB
 - commit_granule_bytes: 65536.
 - commit_granule_words: 8192.
 - virtual_space_node_default_size: 1048576.
 - enlarge_chunks_in_place: 1.
 - new_chunks_are_fully_committed: 0.
 - uncommit_free_chunks: 1.
 - use_allocation_guard: 0.
 - handle_deallocations: 1.


Internal statistics:

num_allocs_failed_limit: 0.
num_arena_births: 114.
num_arena_deaths: 0.
num_vsnodes_births: 3.
num_vsnodes_deaths: 0.
num_space_committed: 232.
num_space_uncommitted: 0.
num_chunks_returned_to_freelist: 0.
num_chunks_taken_from_freelist: 181.
num_chunk_merges: 0.
num_chunk_splits: 97.
num_chunks_enlarged: 52.
num_purges: 0.

CodeHeap 'non-profiled nmethods': size=120000Kb used=293Kb max_used=293Kb free=119706Kb
 bounds [0x000001d545300000, 0x000001d545570000, 0x000001d54c830000]
CodeHeap 'profiled nmethods': size=120000Kb used=1838Kb max_used=1838Kb free=118161Kb
 bounds [0x000001d53ddd0000, 0x000001d53e040000, 0x000001d545300000]
CodeHeap 'non-nmethods': size=5760Kb used=1252Kb max_used=1267Kb free=4507Kb
 bounds [0x000001d53d830000, 0x000001d53daa0000, 0x000001d53ddd0000]
 total_blobs=1680 nmethods=1115 adapters=478
 compilation: enabled
              stopped_count=0, restarted_count=0
 full_count=0

Compilation events (20 events):
Event: 1.002 Thread 0x000001d554c12d80 nmethod 1096 0x000001d53df96610 code [0x000001d53df967a0, 0x000001d53df96918]
Event: 1.002 Thread 0x000001d554c12d80 1090       3       java.lang.StringBuilder::append (6 bytes)
Event: 1.002 Thread 0x000001d554c12290 nmethod 1097 0x000001d545346590 code [0x000001d545346700, 0x000001d545346778]
Event: 1.003 Thread 0x000001d554c12d80 nmethod 1090 0x000001d53df96990 code [0x000001d53df96b40, 0x000001d53df96ce8]
Event: 1.003 Thread 0x000001d554c12290 1108       4       java.util.Random::next (47 bytes)
Event: 1.004 Thread 0x000001d554c12290 nmethod 1108 0x000001d545346890 code [0x000001d545346a20, 0x000001d545346b18]
Event: 1.005 Thread 0x000001d554c12290 1109       4       java.util.Arrays::copyOf (40 bytes)
Event: 1.009 Thread 0x000001d554c12290 nmethod 1109 0x000001d545346c10 code [0x000001d545346da0, 0x000001d545347178]
Event: 1.009 Thread 0x000001d554c12290 1110       4       java.util.ArrayList::toArray (12 bytes)
Event: 1.011 Thread 0x000001d554c12290 nmethod 1110 0x000001d545347410 code [0x000001d5453475a0, 0x000001d545347818]
Event: 1.011 Thread 0x000001d554c12290 1111       4       java.util.ArrayList::addAll (76 bytes)
Event: 1.015 Thread 0x000001d554c12290 nmethod 1111 0x000001d545347910 code [0x000001d545347ac0, 0x000001d545347f88]
Event: 1.015 Thread 0x000001d554c12290 1112       4       java.util.Random::nextDouble (24 bytes)
Event: 1.017 Thread 0x000001d554c12290 nmethod 1112 0x000001d545348210 code [0x000001d5453483c0, 0x000001d545348538]
Event: 1.250 Thread 0x000001d554c12d80 1113 %     3       tud.ai2.solitaire.model.cards.Deck::riffleMerge @ 19 (203 bytes)
Event: 1.251 Thread 0x000001d554c12d80 nmethod 1113% 0x000001d53df96d90 code [0x000001d53df97120, 0x000001d53df98b98]
Event: 1.252 Thread 0x000001d554c12d80 1114       3       tud.ai2.solitaire.model.cards.Deck::riffleMerge (203 bytes)
Event: 1.253 Thread 0x000001d554c12d80 nmethod 1114 0x000001d53df99190 code [0x000001d53df99560, 0x000001d53df9b1e8]
Event: 1.304 Thread 0x000001d554c12290 1115 %     4       tud.ai2.solitaire.model.cards.Deck::riffleMerge @ 19 (203 bytes)
Event: 1.321 Thread 0x000001d554c12290 nmethod 1115% 0x000001d545348690 code [0x000001d545348860, 0x000001d545349048]

GC Heap History (10 events):
Event: 0.962 GC heap before
{Heap before GC invocations=0 (full 0):
 garbage-first heap   total 131072K, used 13312K [0x0000000081e00000, 0x0000000100000000)
  region size 1024K, 13 young (13312K), 0 survivors (0K)
 Metaspace       used 14548K, committed 14784K, reserved 1064960K
  class space    used 1409K, committed 1536K, reserved 1048576K
}
Event: 0.968 GC heap after
{Heap after GC invocations=1 (full 0):
 garbage-first heap   total 131072K, used 3136K [0x0000000081e00000, 0x0000000100000000)
  region size 1024K, 2 young (2048K), 2 survivors (2048K)
 Metaspace       used 14548K, committed 14784K, reserved 1064960K
  class space    used 1409K, committed 1536K, reserved 1048576K
}
Event: 1.131 GC heap before
{Heap before GC invocations=1 (full 0):
 garbage-first heap   total 131072K, used 65600K [0x0000000081e00000, 0x0000000100000000)
  region size 1024K, 16 young (16384K), 2 survivors (2048K)
 Metaspace       used 14595K, committed 14848K, reserved 1064960K
  class space    used 1409K, committed 1536K, reserved 1048576K
}
Event: 1.247 GC heap after
{Heap after GC invocations=2 (full 0):
 garbage-first heap   total 131072K, used 52597K [0x0000000081e00000, 0x0000000100000000)
  region size 1024K, 1 young (1024K), 1 survivors (1024K)
 Metaspace       used 14595K, committed 14848K, reserved 1064960K
  class space    used 1409K, committed 1536K, reserved 1048576K
}
Event: 1.255 GC heap before
{Heap before GC invocations=2 (full 0):
 garbage-first heap   total 131072K, used 56693K [0x0000000081e00000, 0x0000000100000000)
  region size 1024K, 6 young (6144K), 1 survivors (1024K)
 Metaspace       used 14598K, committed 14848K, reserved 1064960K
  class space    used 1409K, committed 1536K, reserved 1048576K
}
Event: 1.257 GC heap after
{Heap after GC invocations=3 (full 0):
 garbage-first heap   total 131072K, used 52458K [0x0000000081e00000, 0x0000000100000000)
  region size 1024K, 1 young (1024K), 1 survivors (1024K)
 Metaspace       used 14598K, committed 14848K, reserved 1064960K
  class space    used 1409K, committed 1536K, reserved 1048576K
}
Event: 1.302 GC heap before
{Heap before GC invocations=3 (full 0):
 garbage-first heap   total 131072K, used 81130K [0x0000000081e00000, 0x0000000100000000)
  region size 1024K, 6 young (6144K), 1 survivors (1024K)
 Metaspace       used 14598K, committed 14848K, reserved 1064960K
  class space    used 1409K, committed 1536K, reserved 1048576K
}
Event: 1.303 GC heap after
{Heap after GC invocations=4 (full 0):
 garbage-first heap   total 131072K, used 75975K [0x0000000081e00000, 0x0000000100000000)
  region size 1024K, 1 young (1024K), 1 survivors (1024K)
 Metaspace       used 14598K, committed 14848K, reserved 1064960K
  class space    used 1409K, committed 1536K, reserved 1048576K
}
Event: 1.309 GC heap before
{Heap before GC invocations=4 (full 0):
 garbage-first heap   total 131072K, used 79047K [0x0000000081e00000, 0x0000000100000000)
  region size 1024K, 5 young (5120K), 1 survivors (1024K)
 Metaspace       used 14598K, committed 14848K, reserved 1064960K
  class space    used 1409K, committed 1536K, reserved 1048576K
}
Event: 1.311 GC heap after
{Heap after GC invocations=5 (full 0):
 garbage-first heap   total 131072K, used 75967K [0x0000000081e00000, 0x0000000100000000)
  region size 1024K, 1 young (1024K), 1 survivors (1024K)
 Metaspace       used 14598K, committed 14848K, reserved 1064960K
  class space    used 1409K, committed 1536K, reserved 1048576K
}

Deoptimization events (20 events):
Event: 0.658 Thread 0x000001d538aa8140 DEOPT PACKING pc=0x000001d53dde5251 sp=0x000000564a6fec30
Event: 0.658 Thread 0x000001d538aa8140 DEOPT UNPACKING pc=0x000001d53d87dece sp=0x000000564a6fe0a8 mode 0
Event: 0.742 Thread 0x000001d538aa8140 Uncommon trap: trap_request=0xffffff45 fr.pc=0x000001d545308950 relative=0x0000000000000230
Event: 0.742 Thread 0x000001d538aa8140 Uncommon trap: reason=unstable_if action=reinterpret pc=0x000001d545308950 method=java.lang.String.hashCode()I @ 20 c2
Event: 0.742 Thread 0x000001d538aa8140 DEOPT PACKING pc=0x000001d545308950 sp=0x000000564a6fee20
Event: 0.742 Thread 0x000001d538aa8140 DEOPT UNPACKING pc=0x000001d53d87d72e sp=0x000000564a6fedb0 mode 2
Event: 0.856 Thread 0x000001d538aa8140 Uncommon trap: trap_request=0xffffff45 fr.pc=0x000001d545335e08 relative=0x00000000000000e8
Event: 0.856 Thread 0x000001d538aa8140 Uncommon trap: reason=unstable_if action=reinterpret pc=0x000001d545335e08 method=java.lang.ThreadLocal$ThreadLocalMap.getEntry(Ljava/lang/ThreadLocal;)Ljava/lang/ThreadLocal$ThreadLocalMap$Entry; @ 21 c2
Event: 0.856 Thread 0x000001d538aa8140 DEOPT PACKING pc=0x000001d545335e08 sp=0x000000564a6fdfe0
Event: 0.856 Thread 0x000001d538aa8140 DEOPT UNPACKING pc=0x000001d53d87d72e sp=0x000000564a6fdef8 mode 2
Event: 0.857 Thread 0x000001d538aa8140 Uncommon trap: trap_request=0xffffff45 fr.pc=0x000001d54532cf94 relative=0x0000000000000074
Event: 0.857 Thread 0x000001d538aa8140 Uncommon trap: reason=unstable_if action=reinterpret pc=0x000001d54532cf94 method=jdk.internal.misc.Unsafe.convEndian(ZI)I @ 4 c2
Event: 0.857 Thread 0x000001d538aa8140 DEOPT PACKING pc=0x000001d54532cf94 sp=0x000000564a6fde00
Event: 0.857 Thread 0x000001d538aa8140 DEOPT UNPACKING pc=0x000001d53d87d72e sp=0x000000564a6fdd08 mode 2
Event: 0.900 Thread 0x000001d538aa8140 Uncommon trap: trap_request=0xffffff45 fr.pc=0x000001d545334948 relative=0x00000000000000a8
Event: 0.900 Thread 0x000001d538aa8140 Uncommon trap: reason=unstable_if action=reinterpret pc=0x000001d545334948 method=java.nio.Buffer.limit(I)Ljava/nio/Buffer; @ 42 c2
Event: 0.900 Thread 0x000001d538aa8140 DEOPT PACKING pc=0x000001d545334948 sp=0x000000564a6fe3f0
Event: 0.900 Thread 0x000001d538aa8140 DEOPT UNPACKING pc=0x000001d53d87d72e sp=0x000000564a6fe378 mode 2
Event: 1.385 Thread 0x000001d538aa8140 DEOPT PACKING pc=0x000001d53df9894f sp=0x000000564a6ff450
Event: 1.385 Thread 0x000001d538aa8140 DEOPT UNPACKING pc=0x000001d53d87dece sp=0x000000564a6fe9b8 mode 0

Classes unloaded (0 events):
No events

Classes redefined (0 events):
No events

Internal exceptions (15 events):
Event: 0.178 Thread 0x000001d538aa8140 Exception <a 'java/lang/NoSuchMethodError'{0x0000000089c24710}: 'void java.lang.invoke.DirectMethodHandle$Holder.invokeSpecial(java.lang.Object, java.lang.Object, java.lang.Object)'> (0x0000000089c24710) 
thrown [t:\workspace\open\src\hotspot\share\interpreter\linkResolver.cpp, line 790]
Event: 0.233 Thread 0x000001d538aa8140 Exception <a 'java/lang/ClassNotFoundException'{0x0000000089c4b640}: sun/awt/resources/spi/awtProvider> (0x0000000089c4b640) 
thrown [t:\workspace\open\src\hotspot\share\classfile\systemDictionary.cpp, line 256]
Event: 0.289 Thread 0x000001d538aa8140 Exception <a 'java/io/FileNotFoundException'{0x0000000089ca6cf8}> (0x0000000089ca6cf8) 
thrown [t:\workspace\open\src\hotspot\share\prims\jni.cpp, line 579]
Event: 0.321 Thread 0x000001d538aa8140 Exception <a 'java/io/FileNotFoundException'{0x0000000089cd58c8}> (0x0000000089cd58c8) 
thrown [t:\workspace\open\src\hotspot\share\prims\jni.cpp, line 579]
Event: 0.322 Thread 0x000001d538aa8140 Exception <a 'java/lang/NoSuchMethodError'{0x0000000089cd6c10}: 'java.lang.Object java.lang.invoke.DirectMethodHandle$Holder.invokeStatic(java.lang.Object)'> (0x0000000089cd6c10) 
thrown [t:\workspace\open\src\hotspot\share\interpreter\linkResolver.cpp, line 790]
Event: 0.422 Thread 0x000001d538aa8140 Exception <a 'java/lang/NoSuchMethodError'{0x0000000089b3a9e0}: 'java.lang.Object java.lang.invoke.DirectMethodHandle$Holder.invokeStaticInit(java.lang.Object)'> (0x0000000089b3a9e0) 
thrown [t:\workspace\open\src\hotspot\share\interpreter\linkResolver.cpp, line 790]
Event: 0.483 Thread 0x000001d538aa8140 Exception <a 'java/lang/NoSuchMethodError'{0x0000000089bee6a8}: 'java.lang.Object java.lang.invoke.DirectMethodHandle$Holder.newInvokeSpecial(java.lang.Object, java.lang.Object, java.lang.Object, java.lang.Object, java.lang.Object)'> (0x0000000089bee6a8) 
thrown [t:\workspace\open\src\hotspot\share\interpreter\linkResolver.cpp, line 790]
Event: 0.486 Thread 0x000001d538aa8140 Exception <a 'java/lang/NoSuchMethodError'{0x0000000089bfa190}: 'java.lang.Object java.lang.invoke.DirectMethodHandle$Holder.invokeStatic(java.lang.Object, int, java.lang.Object, java.lang.Object, java.lang.Object, java.lang.Object)'> (0x0000000089bfa190) 
thrown [t:\workspace\open\src\hotspot\share\interpreter\linkResolver.cpp, line 790]
Event: 0.491 Thread 0x000001d538aa8140 Exception <a 'java/lang/NoSuchMethodError'{0x0000000089a20788}: 'java.lang.Object java.lang.invoke.DirectMethodHandle$Holder.invokeStatic(java.lang.Object, int, java.lang.Object)'> (0x0000000089a20788) 
thrown [t:\workspace\open\src\hotspot\share\interpreter\linkResolver.cpp, line 790]
Event: 0.524 Thread 0x000001d538aa8140 Exception <a 'java/lang/ClassNotFoundException'{0x0000000089ad8f00}: com/sun/swing/internal/plaf/metal/resources/spi/metalProvider> (0x0000000089ad8f00) 
thrown [t:\workspace\open\src\hotspot\share\classfile\systemDictionary.cpp, line 256]
Event: 0.525 Thread 0x000001d538aa8140 Exception <a 'java/lang/ClassNotFoundException'{0x0000000089add378}: com/sun/swing/internal/plaf/basic/resources/spi/basicProvider> (0x0000000089add378) 
thrown [t:\workspace\open\src\hotspot\share\classfile\systemDictionary.cpp, line 256]
Event: 0.546 Thread 0x000001d555078a80 Exception <a 'java/lang/NoSuchMethodError'{0x0000000089b95160}: 'void java.lang.invoke.DirectMethodHandle$Holder.invokeVirtual(java.lang.Object, java.lang.Object)'> (0x0000000089b95160) 
thrown [t:\workspace\open\src\hotspot\share\interpreter\linkResolver.cpp, line 790]
Event: 0.569 Thread 0x000001d538aa8140 Exception <a 'java/lang/NoSuchMethodError'{0x00000000899629c0}: 'void java.lang.invoke.DirectMethodHandle$Holder.invokeStaticInit(java.lang.Object)'> (0x00000000899629c0) 
thrown [t:\workspace\open\src\hotspot\share\interpreter\linkResolver.cpp, line 790]
Event: 0.856 Thread 0x000001d538aa8140 Implicit null exception at 0x000001d545335d77 to 0x000001d545335df0
Event: 0.915 Thread 0x000001d538aa8140 Exception <a 'java/lang/NoSuchMethodError'{0x0000000089148e70}: 'void java.lang.invoke.DirectMethodHandle$Holder.invokeStatic(java.lang.Object, java.lang.Object, java.lang.Object)'> (0x0000000089148e70) 
thrown [t:\workspace\open\src\hotspot\share\interpreter\linkResolver.cpp, line 790]

Events (20 events):
Event: 0.959 loading class javax/imageio/IIOException
Event: 0.959 loading class javax/imageio/IIOException done
Event: 0.959 loading class java/lang/Throwable$WrappedPrintStream
Event: 0.959 loading class java/lang/Throwable$PrintStreamOrWriter
Event: 0.960 loading class java/lang/Throwable$PrintStreamOrWriter done
Event: 0.960 loading class java/lang/Throwable$WrappedPrintStream done
Event: 0.960 loading class java/lang/StackTraceElement$HashedModules
Event: 0.960 loading class java/lang/StackTraceElement$HashedModules done
Event: 0.961 Executing  VM operation: G1CollectForAllocation
Event: 0.968 Executing  VM operation: G1CollectForAllocation done
Event: 1.131 Executing  VM operation: G1CollectForAllocation
Event: 1.247 Executing  VM operation: G1CollectForAllocation done
Event: 1.255 Executing  VM operation: G1TryInitiateConcMark
Event: 1.257 Executing  VM operation: G1TryInitiateConcMark done
Event: 1.302 Executing  VM operation: G1CollectForAllocation
Event: 1.303 Executing  VM operation: G1CollectForAllocation done
Event: 1.309 Executing  VM operation: G1TryInitiateConcMark
Event: 1.311 Executing  VM operation: G1TryInitiateConcMark done
Event: 1.431 Executing  VM operation: G1Concurrent
Event: 1.438 Executing  VM operation: G1Concurrent done


Dynamic libraries:
0x00007ff622ed0000 - 0x00007ff622ede000 	C:\Users\Thong Beo\.p2\pool\plugins\org.eclipse.justj.openjdk.hotspot.jre.full.win32.x86_64_16.0.2.v20210721-1149\jre\bin\javaw.exe
0x00007ffbdbf30000 - 0x00007ffbdc125000 	C:\Windows\SYSTEM32\ntdll.dll
0x00007ffbdb490000 - 0x00007ffbdb54e000 	C:\Windows\System32\KERNEL32.DLL
0x00007ffbd9680000 - 0x00007ffbd9948000 	C:\Windows\System32\KERNELBASE.dll
0x00007ffbd9950000 - 0x00007ffbd9a50000 	C:\Windows\System32\ucrtbase.dll
0x00007ffbc3640000 - 0x00007ffbc3658000 	C:\Users\Thong Beo\.p2\pool\plugins\org.eclipse.justj.openjdk.hotspot.jre.full.win32.x86_64_16.0.2.v20210721-1149\jre\bin\jli.dll
0x00007ffbda4e0000 - 0x00007ffbda681000 	C:\Windows\System32\USER32.dll
0x00007ffbd9650000 - 0x00007ffbd9672000 	C:\Windows\System32\win32u.dll
0x00007ffbdb130000 - 0x00007ffbdb15b000 	C:\Windows\System32\GDI32.dll
0x00007ffbd9c80000 - 0x00007ffbd9d8b000 	C:\Windows\System32\gdi32full.dll
0x00007ffbd9a50000 - 0x00007ffbd9aed000 	C:\Windows\System32\msvcp_win.dll
0x00007ffbd1e60000 - 0x00007ffbd1e79000 	C:\Users\Thong Beo\.p2\pool\plugins\org.eclipse.justj.openjdk.hotspot.jre.full.win32.x86_64_16.0.2.v20210721-1149\jre\bin\VCRUNTIME140.dll
0x00007ffbcbee0000 - 0x00007ffbcc17a000 	C:\Windows\WinSxS\amd64_microsoft.windows.common-controls_6595b64144ccf1df_6.0.19041.1110_none_60b5254171f9507e\COMCTL32.dll
0x00007ffbdb3f0000 - 0x00007ffbdb48e000 	C:\Windows\System32\msvcrt.dll
0x00007ffbdb630000 - 0x00007ffbdb660000 	C:\Windows\System32\IMM32.DLL
0x00007ffbd5a20000 - 0x00007ffbd5a2c000 	C:\Users\Thong Beo\.p2\pool\plugins\org.eclipse.justj.openjdk.hotspot.jre.full.win32.x86_64_16.0.2.v20210721-1149\jre\bin\vcruntime140_1.dll
0x00007ffbafe60000 - 0x00007ffbafef1000 	C:\Users\Thong Beo\.p2\pool\plugins\org.eclipse.justj.openjdk.hotspot.jre.full.win32.x86_64_16.0.2.v20210721-1149\jre\bin\msvcp140.dll
0x00007ffb88b90000 - 0x00007ffb8973b000 	C:\Users\Thong Beo\.p2\pool\plugins\org.eclipse.justj.openjdk.hotspot.jre.full.win32.x86_64_16.0.2.v20210721-1149\jre\bin\server\jvm.dll
0x00007ffbda690000 - 0x00007ffbda73c000 	C:\Windows\System32\ADVAPI32.dll
0x00007ffbdae80000 - 0x00007ffbdaf1b000 	C:\Windows\System32\sechost.dll
0x00007ffbdb810000 - 0x00007ffbdb93a000 	C:\Windows\System32\RPCRT4.dll
0x00007ffbd9f80000 - 0x00007ffbd9f88000 	C:\Windows\System32\PSAPI.DLL
0x00007ffbd5a70000 - 0x00007ffbd5a79000 	C:\Windows\SYSTEM32\WSOCK32.dll
0x00007ffbdb380000 - 0x00007ffbdb3eb000 	C:\Windows\System32\WS2_32.dll
0x00007ffbcdcd0000 - 0x00007ffbcdcf7000 	C:\Windows\SYSTEM32\WINMM.dll
0x00007ffbd0020000 - 0x00007ffbd002a000 	C:\Windows\SYSTEM32\VERSION.dll
0x00007ffbd7f20000 - 0x00007ffbd7f32000 	C:\Windows\SYSTEM32\kernel.appcore.dll
0x00007ffbd3800000 - 0x00007ffbd380a000 	C:\Users\Thong Beo\.p2\pool\plugins\org.eclipse.justj.openjdk.hotspot.jre.full.win32.x86_64_16.0.2.v20210721-1149\jre\bin\jimage.dll
0x00007ffbc6090000 - 0x00007ffbc6274000 	C:\Windows\SYSTEM32\DBGHELP.DLL
0x00007ffbc6bc0000 - 0x00007ffbc6bec000 	C:\Windows\SYSTEM32\dbgcore.DLL
0x00007ffbd9ef0000 - 0x00007ffbd9f73000 	C:\Windows\System32\bcryptPrimitives.dll
0x00007ffbcbeb0000 - 0x00007ffbcbed5000 	C:\Users\Thong Beo\.p2\pool\plugins\org.eclipse.justj.openjdk.hotspot.jre.full.win32.x86_64_16.0.2.v20210721-1149\jre\bin\java.dll
0x00007ffbced60000 - 0x00007ffbced78000 	C:\Users\Thong Beo\.p2\pool\plugins\org.eclipse.justj.openjdk.hotspot.jre.full.win32.x86_64_16.0.2.v20210721-1149\jre\bin\zip.dll
0x00007ffbda740000 - 0x00007ffbdae7f000 	C:\Windows\System32\SHELL32.dll
0x00007ffbd72e0000 - 0x00007ffbd7a70000 	C:\Windows\SYSTEM32\windows.storage.dll
0x00007ffbd9f90000 - 0x00007ffbda2e5000 	C:\Windows\System32\combase.dll
0x00007ffbd8fd0000 - 0x00007ffbd8ffe000 	C:\Windows\SYSTEM32\Wldp.dll
0x00007ffbdb2d0000 - 0x00007ffbdb37d000 	C:\Windows\System32\SHCORE.dll
0x00007ffbdb5d0000 - 0x00007ffbdb625000 	C:\Windows\System32\shlwapi.dll
0x00007ffbd9590000 - 0x00007ffbd95af000 	C:\Windows\SYSTEM32\profapi.dll
0x00007ffbcda60000 - 0x00007ffbcda79000 	C:\Users\Thong Beo\.p2\pool\plugins\org.eclipse.justj.openjdk.hotspot.jre.full.win32.x86_64_16.0.2.v20210721-1149\jre\bin\net.dll
0x00007ffbca870000 - 0x00007ffbca97c000 	C:\Windows\SYSTEM32\WINHTTP.dll
0x00007ffbd8d30000 - 0x00007ffbd8d9a000 	C:\Windows\system32\mswsock.dll
0x00007ffbcbd90000 - 0x00007ffbcbda3000 	C:\Users\Thong Beo\.p2\pool\plugins\org.eclipse.justj.openjdk.hotspot.jre.full.win32.x86_64_16.0.2.v20210721-1149\jre\bin\nio.dll
0x00007ffb9b2b0000 - 0x00007ffb9b42f000 	C:\Users\Thong Beo\.p2\pool\plugins\org.eclipse.justj.openjdk.hotspot.jre.full.win32.x86_64_16.0.2.v20210721-1149\jre\bin\awt.dll
0x00007ffbdbe20000 - 0x00007ffbdbeed000 	C:\Windows\System32\OLEAUT32.dll
0x00007ffbd64b0000 - 0x00007ffbd6540000 	C:\Windows\SYSTEM32\apphelp.dll
0x00007ffbd68b0000 - 0x00007ffbd68df000 	C:\Windows\system32\DWMAPI.DLL
0x00007ffbd65b0000 - 0x00007ffbd664e000 	C:\Windows\system32\uxtheme.dll
0x00007ffbc4700000 - 0x00007ffbc4825000 	C:\Windows\system32\opengl32.dll
0x00007ffbc7fd0000 - 0x00007ffbc7ffc000 	C:\Windows\SYSTEM32\GLU32.dll
0x00007ffbdaf20000 - 0x00007ffbdb035000 	C:\Windows\System32\MSCTF.dll
0x00007ffbda3b0000 - 0x00007ffbda4da000 	C:\Windows\System32\ole32.dll
0x00007ffbb8eb0000 - 0x00007ffbb8f39000 	C:\Users\Thong Beo\.p2\pool\plugins\org.eclipse.justj.openjdk.hotspot.jre.full.win32.x86_64_16.0.2.v20210721-1149\jre\bin\freetype.dll
0x00007ffb9b780000 - 0x00007ffb9b876000 	C:\Users\Thong Beo\.p2\pool\plugins\org.eclipse.justj.openjdk.hotspot.jre.full.win32.x86_64_16.0.2.v20210721-1149\jre\bin\harfbuzz.dll
0x00007ffbc2bd0000 - 0x00007ffbc2be2000 	C:\Users\Thong Beo\.p2\pool\plugins\org.eclipse.justj.openjdk.hotspot.jre.full.win32.x86_64_16.0.2.v20210721-1149\jre\bin\fontmanager.dll

dbghelp: loaded successfully - version: 4.0.5 - missing functions: none
symbol engine: initialized successfully - sym options: 0x614 - pdb path: .;C:\Users\Thong Beo\.p2\pool\plugins\org.eclipse.justj.openjdk.hotspot.jre.full.win32.x86_64_16.0.2.v20210721-1149\jre\bin;C:\Windows\SYSTEM32;C:\Windows\WinSxS\amd64_microsoft.windows.common-controls_6595b64144ccf1df_6.0.19041.1110_none_60b5254171f9507e;C:\Users\Thong Beo\.p2\pool\plugins\org.eclipse.justj.openjdk.hotspot.jre.full.win32.x86_64_16.0.2.v20210721-1149\jre\bin\server

VM Arguments:
jvm_args: -Dfile.encoding=UTF-8 -XX:+ShowCodeDetailsInExceptionMessages 
java_command: tud.ai2.solitaire.Launch
java_class_path (initial): C:\Users\Thong Beo\Desktop\AI2\AI2 Solitaire\bin;C:\Users\Thong Beo\Desktop\AI2\AI2 Solitaire\lib\stdlib_eclipse.jar
Launcher Type: SUN_STANDARD

[Global flags]
     intx CICompilerCount                          = 3                                         {product} {ergonomic}
     uint ConcGCThreads                            = 1                                         {product} {ergonomic}
     uint G1ConcRefinementThreads                  = 4                                         {product} {ergonomic}
   size_t G1HeapRegionSize                         = 1048576                                   {product} {ergonomic}
    uintx GCDrainStackTargetSize                   = 64                                        {product} {ergonomic}
   size_t InitialHeapSize                          = 134217728                                 {product} {ergonomic}
   size_t MarkStackSize                            = 4194304                                   {product} {ergonomic}
   size_t MaxHeapSize                              = 2116026368                                {product} {ergonomic}
   size_t MaxNewSize                               = 1268776960                                {product} {ergonomic}
   size_t MinHeapDeltaBytes                        = 1048576                                   {product} {ergonomic}
   size_t MinHeapSize                              = 8388608                                   {product} {ergonomic}
    uintx NonNMethodCodeHeapSize                   = 5832780                                {pd product} {ergonomic}
    uintx NonProfiledCodeHeapSize                  = 122912730                              {pd product} {ergonomic}
    uintx ProfiledCodeHeapSize                     = 122912730                              {pd product} {ergonomic}
    uintx ReservedCodeCacheSize                    = 251658240                              {pd product} {ergonomic}
     bool SegmentedCodeCache                       = true                                      {product} {ergonomic}
     bool ShowCodeDetailsInExceptionMessages       = true                                   {manageable} {command line}
   size_t SoftMaxHeapSize                          = 2116026368                             {manageable} {ergonomic}
     bool UseCompressedClassPointers               = true                           {product lp64_product} {ergonomic}
     bool UseCompressedOops                        = true                           {product lp64_product} {ergonomic}
     bool UseG1GC                                  = true                                      {product} {ergonomic}
     bool UseLargePagesIndividualAllocation        = false                                  {pd product} {ergonomic}

Logging:
Log output configuration:
 #0: stdout all=warning uptime,level,tags
 #1: stderr all=off uptime,level,tags

Environment Variables:
PATH=C:/Users/Thong Beo/.p2/pool/plugins/org.eclipse.justj.openjdk.hotspot.jre.full.win32.x86_64_16.0.2.v20210721-1149/jre/bin/server;C:/Users/Thong Beo/.p2/pool/plugins/org.eclipse.justj.openjdk.hotspot.jre.full.win32.x86_64_16.0.2.v20210721-1149/jre/bin;C:\Program Files\Eclipse Foundation\jdk-17.0.0.35-hotspot\bin;C:\Windows\system32;C:\Windows;C:\Windows\System32\Wbem;C:\Windows\System32\WindowsPowerShell\v1.0\;C:\Windows\System32\OpenSSH\;C:\TDM-GCC-64\bin;C:\Users\Thong Beo\AppData\Local\Microsoft\WindowsApps;;C:\Users\Thong Beo\Desktop;
USERNAME=Thong Beo
OS=Windows_NT
PROCESSOR_IDENTIFIER=Intel64 Family 6 Model 61 Stepping 4, GenuineIntel



---------------  S Y S T E M  ---------------

OS:
 Windows 10 , 64 bit Build 19041 (10.0.19041.1348)
OS uptime: 18 days 4:14 hours

CPU: total 4 (initial active 4) (2 cores per cpu, 2 threads per core) family 6 model 61 stepping 4 microcode 0x2f, cx8, cmov, fxsr, ht, mmx, 3dnowpref, sse, sse2, sse3, ssse3, sse4.1, sse4.2, popcnt, lzcnt, tsc, tscinvbit, avx, avx2, aes, erms, clmul, bmi1, bmi2, rtm, adx, fma, vzeroupper, clflush

Memory: 4k page, system-wide physical 8070M (3038M free)
TotalPageFile size 32646M (AvailPageFile size 5M)
current process WorkingSet (physical memory assigned to process): 246M, peak: 246M
current process commit charge ("private bytes"): 337M, peak: 338M

vm_info: OpenJDK 64-Bit Server VM (16.0.2+7-67) for windows-amd64 JRE (16.0.2+7-67), built on Jun  8 2021 23:21:43 by "mach5one" with MS VC++ 16.7 (VS2019)

END.
