#
# There is insufficient memory for the Java Runtime Environment to continue.
# Native memory allocation (mmap) failed to map 1048576 bytes for G1 virtual space
# Possible reasons:
#   The system is out of physical RAM or swap space
#   The process is running with CompressedOops enabled, and the Java Heap may be blocking the growth of the native heap
# Possible solutions:
#   Reduce memory load on the system
#   Increase physical memory or swap space
#   Check if swap backing store is full
#   Decrease Java heap size (-Xmx/-Xms)
#   Decrease number of Java threads
#   Decrease Java thread stack sizes (-Xss)
#   Set larger code cache with -XX:ReservedCodeCacheSize=
#   JVM is running with Unscaled Compressed Oops mode in which the Java heap is
#     placed in the first 4GB address space. The Java Heap base address is the
#     maximum limit for the native heap growth. Please use -XX:HeapBaseMinAddress
#     to set the Java Heap base and to place the Java Heap above 4GB virtual address.
# This output file may be truncated or incomplete.
#
#  Out of Memory Error (os_windows.cpp:3466), pid=15472, tid=10916
#
# JRE version: OpenJDK Runtime Environment (16.0.2+7) (build 16.0.2+7-67)
# Java VM: OpenJDK 64-Bit Server VM (16.0.2+7-67, mixed mode, tiered, compressed oops, compressed class ptrs, g1 gc, windows-amd64)
# No core dump will be written. Minidumps are not enabled by default on client versions of Windows
#

---------------  S U M M A R Y ------------

Command Line: -Dfile.encoding=UTF-8 -XX:+ShowCodeDetailsInExceptionMessages tud.ai2.solitaire.Launch

Host: Intel(R) Core(TM) i5-5300U CPU @ 2.30GHz, 4 cores, 7G,  Windows 10 , 64 bit Build 19041 (10.0.19041.1348)
Time: Mon Dec 13 18:28:22 2021 W. Europe Standard Time elapsed time: 1.443903 seconds (0d 0h 0m 1s)

---------------  T H R E A D  ---------------

Current thread (0x0000018a72977c60):  JavaThread "main" [_thread_in_vm, id=10916, stack(0x0000002998f00000,0x0000002999000000)]

Stack: [0x0000002998f00000,0x0000002999000000]
Native frames: (J=compiled Java code, j=interpreted, Vv=VM code, C=native code)
V  [jvm.dll+0x6681ca]
V  [jvm.dll+0x7c9e69]
V  [jvm.dll+0x7cb61e]
V  [jvm.dll+0x7cbc73]
V  [jvm.dll+0x242c55]
V  [jvm.dll+0x664f89]
V  [jvm.dll+0x659b75]
V  [jvm.dll+0x2fbfbb]
V  [jvm.dll+0x3031b6]
V  [jvm.dll+0x35268b]
V  [jvm.dll+0x352cb0]
V  [jvm.dll+0x352866]
V  [jvm.dll+0x2d3804]
V  [jvm.dll+0x2cecd3]
V  [jvm.dll+0x5fbf63]
V  [jvm.dll+0x20fee5]
V  [jvm.dll+0x362ad6]
V  [jvm.dll+0x6c4766]
C  0x0000018a000f9a29

Java frames: (J=compiled Java code, j=interpreted, Vv=VM code)
v  ~RuntimeStub::_new_array_Java
J 1033 c2 java.util.Arrays.copyOf([Ljava/lang/Object;ILjava/lang/Class;)[Ljava/lang/Object; java.base@16.0.2 (40 bytes) @ 0x0000018a07b14164 [0x0000018a07b13ea0+0x00000000000002c4]
J 1018 c1 java.util.ArrayList.grow(I)[Ljava/lang/Object; java.base@16.0.2 (60 bytes) @ 0x0000018a0073833c [0x0000018a00737ea0+0x000000000000049c]
J 1039% c2 tud.ai2.solitaire.model.cards.Deck.riffleMerge(Ljava/util/List;Ljava/util/List;)Ljava/util/List; (203 bytes) @ 0x0000018a07b15e6c [0x0000018a07b15960+0x000000000000050c]
j  tud.ai2.solitaire.model.cards.Deck.riffle(I)V+128
j  tud.ai2.solitaire.view.PlayingField.buildFrame()V+491
j  tud.ai2.solitaire.view.PlayingField.<init>(Ljava/lang/String;)V+10
j  tud.ai2.solitaire.Launch.main([Ljava/lang/String;)V+6
v  ~StubRoutines::call_stub

---------------  P R O C E S S  ---------------

Threads class SMR info:
_java_thread_list=0x0000018a0f131e70, length=17, elements={
0x0000018a72977c60, 0x0000018a7ee89410, 0x0000018a7ee8aa70, 0x0000018a7f809080,
0x0000018a7f809b90, 0x0000018a7f80de50, 0x0000018a7f814110, 0x0000018a7f815990,
0x0000018a7f816780, 0x0000018a7eecca00, 0x0000018a7f9608f0, 0x0000018a7f97d020,
0x0000018a7fbfe480, 0x0000018a7fbfea60, 0x0000018a0f04d6e0, 0x0000018a0f0d4620,
0x0000018a0f123380
}

Java Threads: ( => current thread )
=>0x0000018a72977c60 JavaThread "main" [_thread_in_vm, id=10916, stack(0x0000002998f00000,0x0000002999000000)]
  0x0000018a7ee89410 JavaThread "Reference Handler" daemon [_thread_blocked, id=7844, stack(0x0000002999600000,0x0000002999700000)]
  0x0000018a7ee8aa70 JavaThread "Finalizer" daemon [_thread_blocked, id=11712, stack(0x0000002999700000,0x0000002999800000)]
  0x0000018a7f809080 JavaThread "Signal Dispatcher" daemon [_thread_blocked, id=13900, stack(0x0000002999800000,0x0000002999900000)]
  0x0000018a7f809b90 JavaThread "Attach Listener" daemon [_thread_blocked, id=16120, stack(0x0000002999900000,0x0000002999a00000)]
  0x0000018a7f80de50 JavaThread "Service Thread" daemon [_thread_blocked, id=16016, stack(0x0000002999a00000,0x0000002999b00000)]
  0x0000018a7f814110 JavaThread "Monitor Deflation Thread" daemon [_thread_blocked, id=12244, stack(0x0000002999b00000,0x0000002999c00000)]
  0x0000018a7f815990 JavaThread "C2 CompilerThread0" daemon [_thread_blocked, id=4012, stack(0x0000002999c00000,0x0000002999d00000)]
  0x0000018a7f816780 JavaThread "C1 CompilerThread0" daemon [_thread_blocked, id=9192, stack(0x0000002999d00000,0x0000002999e00000)]
  0x0000018a7eecca00 JavaThread "Sweeper thread" daemon [_thread_blocked, id=16240, stack(0x0000002999e00000,0x0000002999f00000)]
  0x0000018a7f9608f0 JavaThread "Notification Thread" daemon [_thread_blocked, id=3740, stack(0x0000002999f00000,0x000000299a000000)]
  0x0000018a7f97d020 JavaThread "Common-Cleaner" daemon [_thread_blocked, id=11188, stack(0x000000299a100000,0x000000299a200000)]
  0x0000018a7fbfe480 JavaThread "Java2D Disposer" daemon [_thread_blocked, id=16128, stack(0x000000299a300000,0x000000299a400000)]
  0x0000018a7fbfea60 JavaThread "AWT-Shutdown" [_thread_blocked, id=12544, stack(0x000000299a400000,0x000000299a500000)]
  0x0000018a0f04d6e0 JavaThread "AWT-Windows" daemon [_thread_in_native, id=14772, stack(0x000000299a500000,0x000000299a600000)]
  0x0000018a0f0d4620 JavaThread "AWT-EventQueue-0" [_thread_blocked, id=6560, stack(0x000000299a600000,0x000000299a700000)]
  0x0000018a0f123380 JavaThread "TimerQueue" daemon [_thread_blocked, id=11804, stack(0x000000299a700000,0x000000299a800000)]

Other Threads:
  0x0000018a7ee28fb0 VMThread "VM Thread" [stack: 0x0000002999500000,0x0000002999600000] [id=7736]
  0x0000018a7edfcd90 WatcherThread [stack: 0x000000299a000000,0x000000299a100000] [id=15724]
  0x0000018a729b6010 GCTaskThread "GC Thread#0" [stack: 0x0000002999000000,0x0000002999100000] [id=15584]
  0x0000018a0f1d9cf0 GCTaskThread "GC Thread#1" [stack: 0x000000299a800000,0x000000299a900000] [id=9036]
  0x0000018a0f1dd5c0 GCTaskThread "GC Thread#2" [stack: 0x000000299a900000,0x000000299aa00000] [id=7820]
  0x0000018a0f1dd8d0 GCTaskThread "GC Thread#3" [stack: 0x000000299aa00000,0x000000299ab00000] [id=9900]
  0x0000018a729c84c0 ConcurrentGCThread "G1 Main Marker" [stack: 0x0000002999100000,0x0000002999200000] [id=1548]
  0x0000018a729c8fb0 ConcurrentGCThread "G1 Conc#0" [stack: 0x0000002999200000,0x0000002999300000] [id=7524]
  0x0000018a72a41740 ConcurrentGCThread "G1 Refine#0" [stack: 0x0000002999300000,0x0000002999400000] [id=11468]
  0x0000018a0f1e06a0 ConcurrentGCThread "G1 Refine#1" [stack: 0x000000299ab00000,0x000000299ac00000] [id=8476]
  0x0000018a0f1e09e0 ConcurrentGCThread "G1 Refine#2" [stack: 0x000000299ac00000,0x000000299ad00000] [id=10492]
  0x0000018a0f1e0d20 ConcurrentGCThread "G1 Refine#3" [stack: 0x000000299ad00000,0x000000299ae00000] [id=15492]
  0x0000018a72a43970 ConcurrentGCThread "G1 Service" [stack: 0x0000002999400000,0x0000002999500000] [id=15864]

Threads with active compile tasks:

VM state: not at safepoint (normal execution)

VM Mutex/Monitor currently owned by a thread:  ([mutex/lock_event])
[0x0000018a72973870] Heap_lock - owner thread: 0x0000018a72977c60

Heap address: 0x0000000081e00000, size: 2018 MB, Compressed Oops mode: 32-bit

CDS disabled.
Compressed class space mapped at: 0x0000000100000000-0x0000000140000000, reserved size: 1073741824
Narrow klass base: 0x0000000000000000, Narrow klass shift: 3, Narrow klass range: 0x140000000

GC Precious Log:
 CPUs: 4 total, 4 available
 Memory: 8070M
 Large Page Support: Disabled
 NUMA Support: Disabled
 Compressed Oops: Enabled (32-bit)
 Heap Region Size: 1M
 Heap Min Capacity: 8M
 Heap Initial Capacity: 128M
 Heap Max Capacity: 2018M
 Pre-touch: Disabled
 Parallel Workers: 4
 Concurrent Workers: 1
 Concurrent Refinement Workers: 4
 Periodic GC: Disabled

Heap:
 garbage-first heap   total 222208K, used 145599K [0x0000000081e00000, 0x0000000100000000)
  region size 1024K, 32 young (32768K), 1 survivors (1024K)
 Metaspace       used 14539K, committed 14784K, reserved 1064960K
  class space    used 1407K, committed 1536K, reserved 1048576K

Heap Regions: E=young(eden), S=young(survivor), O=old, HS=humongous(starts), HC=humongous(continues), CS=collection set, F=free, OA=open archive, CA=closed archive, TAMS=top-at-mark-start (previous, next)
|   0|0x0000000081e00000, 0x0000000081f00000, 0x0000000081f00000|100%| O|  |TAMS 0x0000000081f00000, 0x0000000081e00000| Updating 
|   1|0x0000000081f00000, 0x0000000082000000, 0x0000000082000000|100%| O|  |TAMS 0x0000000082000000, 0x0000000081f00000| Updating 
|   2|0x0000000082000000, 0x0000000082000000, 0x0000000082100000|  0%| F|  |TAMS 0x0000000082000000, 0x0000000082000000| Untracked 
|   3|0x0000000082100000, 0x0000000082100000, 0x0000000082200000|  0%| F|  |TAMS 0x0000000082100000, 0x0000000082100000| Untracked 
|   4|0x0000000082200000, 0x0000000082200000, 0x0000000082300000|  0%| F|  |TAMS 0x0000000082200000, 0x0000000082200000| Untracked 
|   5|0x0000000082300000, 0x0000000082300000, 0x0000000082400000|  0%| F|  |TAMS 0x0000000082300000, 0x0000000082300000| Untracked 
|   6|0x0000000082400000, 0x0000000082400000, 0x0000000082500000|  0%| F|  |TAMS 0x0000000082400000, 0x0000000082400000| Untracked 
|   7|0x0000000082500000, 0x0000000082500000, 0x0000000082600000|  0%| F|  |TAMS 0x0000000082500000, 0x0000000082500000| Untracked 
|   8|0x0000000082600000, 0x0000000082600000, 0x0000000082700000|  0%| F|  |TAMS 0x0000000082600000, 0x0000000082600000| Untracked 
|   9|0x0000000082700000, 0x0000000082700000, 0x0000000082800000|  0%| F|  |TAMS 0x0000000082700000, 0x0000000082700000| Untracked 
|  10|0x0000000082800000, 0x0000000082800000, 0x0000000082900000|  0%| F|  |TAMS 0x0000000082800000, 0x0000000082800000| Untracked 
|  11|0x0000000082900000, 0x0000000082900000, 0x0000000082a00000|  0%| F|  |TAMS 0x0000000082900000, 0x0000000082900000| Untracked 
|  12|0x0000000082a00000, 0x0000000082a00000, 0x0000000082b00000|  0%| F|  |TAMS 0x0000000082a00000, 0x0000000082a00000| Untracked 
|  13|0x0000000082b00000, 0x0000000082b00000, 0x0000000082c00000|  0%| F|  |TAMS 0x0000000082b00000, 0x0000000082b00000| Untracked 
|  14|0x0000000082c00000, 0x0000000082c00000, 0x0000000082d00000|  0%| F|  |TAMS 0x0000000082c00000, 0x0000000082c00000| Untracked 
|  15|0x0000000082d00000, 0x0000000082d00000, 0x0000000082e00000|  0%| F|  |TAMS 0x0000000082d00000, 0x0000000082d00000| Untracked 
|  16|0x0000000082e00000, 0x0000000082e00000, 0x0000000082f00000|  0%| F|  |TAMS 0x0000000082e00000, 0x0000000082e00000| Untracked 
|  17|0x0000000082f00000, 0x0000000082f00000, 0x0000000083000000|  0%| F|  |TAMS 0x0000000082f00000, 0x0000000082f00000| Untracked 
|  18|0x0000000083000000, 0x0000000083000000, 0x0000000083100000|  0%| F|  |TAMS 0x0000000083000000, 0x0000000083000000| Untracked 
|  19|0x0000000083100000, 0x0000000083100000, 0x0000000083200000|  0%| F|  |TAMS 0x0000000083100000, 0x0000000083100000| Untracked 
|  20|0x0000000083200000, 0x0000000083200000, 0x0000000083300000|  0%| F|  |TAMS 0x0000000083200000, 0x0000000083200000| Untracked 
|  21|0x0000000083300000, 0x0000000083300000, 0x0000000083400000|  0%| F|  |TAMS 0x0000000083300000, 0x0000000083300000| Untracked 
|  22|0x0000000083400000, 0x0000000083400000, 0x0000000083500000|  0%| F|  |TAMS 0x0000000083400000, 0x0000000083400000| Untracked 
|  23|0x0000000083500000, 0x0000000083500000, 0x0000000083600000|  0%| F|  |TAMS 0x0000000083500000, 0x0000000083500000| Untracked 
|  24|0x0000000083600000, 0x0000000083600000, 0x0000000083700000|  0%| F|  |TAMS 0x0000000083600000, 0x0000000083600000| Untracked 
|  25|0x0000000083700000, 0x0000000083700000, 0x0000000083800000|  0%| F|  |TAMS 0x0000000083700000, 0x0000000083700000| Untracked 
|  26|0x0000000083800000, 0x0000000083800000, 0x0000000083900000|  0%| F|  |TAMS 0x0000000083800000, 0x0000000083800000| Untracked 
|  27|0x0000000083900000, 0x0000000083900000, 0x0000000083a00000|  0%| F|  |TAMS 0x0000000083900000, 0x0000000083900000| Untracked 
|  28|0x0000000083a00000, 0x0000000083a00000, 0x0000000083b00000|  0%| F|  |TAMS 0x0000000083a00000, 0x0000000083a00000| Untracked 
|  29|0x0000000083b00000, 0x0000000083b00000, 0x0000000083c00000|  0%| F|  |TAMS 0x0000000083b00000, 0x0000000083b00000| Untracked 
|  30|0x0000000083c00000, 0x0000000083c00000, 0x0000000083d00000|  0%| F|  |TAMS 0x0000000083c00000, 0x0000000083c00000| Untracked 
|  31|0x0000000083d00000, 0x0000000083d00000, 0x0000000083e00000|  0%| F|  |TAMS 0x0000000083d00000, 0x0000000083d00000| Untracked 
|  32|0x0000000083e00000, 0x0000000083e00000, 0x0000000083f00000|  0%| F|  |TAMS 0x0000000083e00000, 0x0000000083e00000| Untracked 
|  33|0x0000000083f00000, 0x0000000083f00000, 0x0000000084000000|  0%| F|  |TAMS 0x0000000083f00000, 0x0000000083f00000| Untracked 
|  34|0x0000000084000000, 0x0000000084000000, 0x0000000084100000|  0%| F|  |TAMS 0x0000000084000000, 0x0000000084000000| Untracked 
|  35|0x0000000084100000, 0x0000000084100000, 0x0000000084200000|  0%| F|  |TAMS 0x0000000084100000, 0x0000000084100000| Untracked 
|  36|0x0000000084200000, 0x0000000084200000, 0x0000000084300000|  0%| F|  |TAMS 0x0000000084200000, 0x0000000084200000| Untracked 
|  37|0x0000000084300000, 0x0000000084300000, 0x0000000084400000|  0%| F|  |TAMS 0x0000000084300000, 0x0000000084300000| Untracked 
|  38|0x0000000084400000, 0x0000000084400000, 0x0000000084500000|  0%| F|  |TAMS 0x0000000084400000, 0x0000000084400000| Untracked 
|  39|0x0000000084500000, 0x0000000084500000, 0x0000000084600000|  0%| F|  |TAMS 0x0000000084500000, 0x0000000084500000| Untracked 
|  40|0x0000000084600000, 0x0000000084600000, 0x0000000084700000|  0%| F|  |TAMS 0x0000000084600000, 0x0000000084600000| Untracked 
|  41|0x0000000084700000, 0x0000000084700000, 0x0000000084800000|  0%| F|  |TAMS 0x0000000084700000, 0x0000000084700000| Untracked 
|  42|0x0000000084800000, 0x0000000084800000, 0x0000000084900000|  0%| F|  |TAMS 0x0000000084800000, 0x0000000084800000| Untracked 
|  43|0x0000000084900000, 0x0000000084900000, 0x0000000084a00000|  0%| F|  |TAMS 0x0000000084900000, 0x0000000084900000| Untracked 
|  44|0x0000000084a00000, 0x0000000084a00000, 0x0000000084b00000|  0%| F|  |TAMS 0x0000000084a00000, 0x0000000084a00000| Untracked 
|  45|0x0000000084b00000, 0x0000000084b00000, 0x0000000084c00000|  0%| F|  |TAMS 0x0000000084b00000, 0x0000000084b00000| Untracked 
|  46|0x0000000084c00000, 0x0000000084c00000, 0x0000000084d00000|  0%| F|  |TAMS 0x0000000084c00000, 0x0000000084c00000| Untracked 
|  47|0x0000000084d00000, 0x0000000084d00000, 0x0000000084e00000|  0%| F|  |TAMS 0x0000000084d00000, 0x0000000084d00000| Untracked 
|  48|0x0000000084e00000, 0x0000000084e00000, 0x0000000084f00000|  0%| F|  |TAMS 0x0000000084e00000, 0x0000000084e00000| Untracked 
|  49|0x0000000084f00000, 0x0000000084f00000, 0x0000000085000000|  0%| F|  |TAMS 0x0000000084f00000, 0x0000000084f00000| Untracked 
|  50|0x0000000085000000, 0x0000000085100000, 0x0000000085100000|100%| O|  |TAMS 0x0000000085100000, 0x0000000085000000| Updating 
|  51|0x0000000085100000, 0x000000008512f400, 0x0000000085200000| 18%| O|  |TAMS 0x000000008512f400, 0x0000000085100000| Updating 
|  52|0x0000000085200000, 0x0000000085300000, 0x0000000085300000|100%|HS|  |TAMS 0x0000000085300000, 0x0000000085200000| Complete 
|  53|0x0000000085300000, 0x0000000085400000, 0x0000000085400000|100%|HC|  |TAMS 0x0000000085400000, 0x0000000085300000| Complete 
|  54|0x0000000085400000, 0x0000000085500000, 0x0000000085500000|100%|HC|  |TAMS 0x0000000085500000, 0x0000000085400000| Complete 
|  55|0x0000000085500000, 0x0000000085600000, 0x0000000085600000|100%|HC|  |TAMS 0x0000000085600000, 0x0000000085500000| Complete 
|  56|0x0000000085600000, 0x0000000085700000, 0x0000000085700000|100%|HC|  |TAMS 0x0000000085700000, 0x0000000085600000| Complete 
|  57|0x0000000085700000, 0x0000000085800000, 0x0000000085800000|100%|HC|  |TAMS 0x0000000085800000, 0x0000000085700000| Complete 
|  58|0x0000000085800000, 0x0000000085900000, 0x0000000085900000|100%|HC|  |TAMS 0x0000000085900000, 0x0000000085800000| Complete 
|  59|0x0000000085900000, 0x0000000085a00000, 0x0000000085a00000|100%|HC|  |TAMS 0x0000000085a00000, 0x0000000085900000| Complete 
|  60|0x0000000085a00000, 0x0000000085b00000, 0x0000000085b00000|100%|HC|  |TAMS 0x0000000085b00000, 0x0000000085a00000| Complete 
|  61|0x0000000085b00000, 0x0000000085c00000, 0x0000000085c00000|100%|HC|  |TAMS 0x0000000085c00000, 0x0000000085b00000| Complete 
|  62|0x0000000085c00000, 0x0000000085d00000, 0x0000000085d00000|100%|HC|  |TAMS 0x0000000085d00000, 0x0000000085c00000| Complete 
|  63|0x0000000085d00000, 0x0000000085e00000, 0x0000000085e00000|100%|HC|  |TAMS 0x0000000085e00000, 0x0000000085d00000| Complete 
|  64|0x0000000085e00000, 0x0000000085f00000, 0x0000000085f00000|100%|HC|  |TAMS 0x0000000085f00000, 0x0000000085e00000| Complete 
|  65|0x0000000085f00000, 0x0000000086000000, 0x0000000086000000|100%|HC|  |TAMS 0x0000000086000000, 0x0000000085f00000| Complete 
|  66|0x0000000086000000, 0x0000000086100000, 0x0000000086100000|100%|HC|  |TAMS 0x0000000086100000, 0x0000000086000000| Complete 
|  67|0x0000000086100000, 0x0000000086200000, 0x0000000086200000|100%|HC|  |TAMS 0x0000000086200000, 0x0000000086100000| Complete 
|  68|0x0000000086200000, 0x0000000086300000, 0x0000000086300000|100%|HC|  |TAMS 0x0000000086300000, 0x0000000086200000| Complete 
|  69|0x0000000086300000, 0x0000000086400000, 0x0000000086400000|100%|HC|  |TAMS 0x0000000086400000, 0x0000000086300000| Complete 
|  70|0x0000000086400000, 0x0000000086500000, 0x0000000086500000|100%|HC|  |TAMS 0x0000000086500000, 0x0000000086400000| Complete 
|  71|0x0000000086500000, 0x0000000086600000, 0x0000000086600000|100%|HC|  |TAMS 0x0000000086600000, 0x0000000086500000| Complete 
|  72|0x0000000086600000, 0x0000000086700000, 0x0000000086700000|100%|HC|  |TAMS 0x0000000086700000, 0x0000000086600000| Complete 
|  73|0x0000000086700000, 0x0000000086800000, 0x0000000086800000|100%|HC|  |TAMS 0x0000000086800000, 0x0000000086700000| Complete 
|  74|0x0000000086800000, 0x0000000086900000, 0x0000000086900000|100%|HC|  |TAMS 0x0000000086900000, 0x0000000086800000| Complete 
|  75|0x0000000086900000, 0x0000000086a00000, 0x0000000086a00000|100%|HS|  |TAMS 0x0000000086900000, 0x0000000086900000| Complete 
|  76|0x0000000086a00000, 0x0000000086b00000, 0x0000000086b00000|100%|HC|  |TAMS 0x0000000086a00000, 0x0000000086a00000| Complete 
|  77|0x0000000086b00000, 0x0000000086c00000, 0x0000000086c00000|100%|HC|  |TAMS 0x0000000086b00000, 0x0000000086b00000| Complete 
|  78|0x0000000086c00000, 0x0000000086d00000, 0x0000000086d00000|100%|HC|  |TAMS 0x0000000086c00000, 0x0000000086c00000| Complete 
|  79|0x0000000086d00000, 0x0000000086e00000, 0x0000000086e00000|100%|HC|  |TAMS 0x0000000086d00000, 0x0000000086d00000| Complete 
|  80|0x0000000086e00000, 0x0000000086f00000, 0x0000000086f00000|100%|HC|  |TAMS 0x0000000086e00000, 0x0000000086e00000| Complete 
|  81|0x0000000086f00000, 0x0000000087000000, 0x0000000087000000|100%|HC|  |TAMS 0x0000000086f00000, 0x0000000086f00000| Complete 
|  82|0x0000000087000000, 0x0000000087100000, 0x0000000087100000|100%|HC|  |TAMS 0x0000000087000000, 0x0000000087000000| Complete 
|  83|0x0000000087100000, 0x0000000087200000, 0x0000000087200000|100%|HC|  |TAMS 0x0000000087100000, 0x0000000087100000| Complete 
|  84|0x0000000087200000, 0x0000000087300000, 0x0000000087300000|100%|HC|  |TAMS 0x0000000087200000, 0x0000000087200000| Complete 
|  85|0x0000000087300000, 0x0000000087400000, 0x0000000087400000|100%|HC|  |TAMS 0x0000000087300000, 0x0000000087300000| Complete 
|  86|0x0000000087400000, 0x0000000087500000, 0x0000000087500000|100%|HC|  |TAMS 0x0000000087400000, 0x0000000087400000| Complete 
|  87|0x0000000087500000, 0x0000000087600000, 0x0000000087600000|100%|HC|  |TAMS 0x0000000087500000, 0x0000000087500000| Complete 
|  88|0x0000000087600000, 0x0000000087700000, 0x0000000087700000|100%|HC|  |TAMS 0x0000000087600000, 0x0000000087600000| Complete 
|  89|0x0000000087700000, 0x0000000087800000, 0x0000000087800000|100%|HC|  |TAMS 0x0000000087700000, 0x0000000087700000| Complete 
|  90|0x0000000087800000, 0x0000000087900000, 0x0000000087900000|100%|HC|  |TAMS 0x0000000087800000, 0x0000000087800000| Complete 
|  91|0x0000000087900000, 0x0000000087a00000, 0x0000000087a00000|100%|HC|  |TAMS 0x0000000087900000, 0x0000000087900000| Complete 
|  92|0x0000000087a00000, 0x0000000087b00000, 0x0000000087b00000|100%|HC|  |TAMS 0x0000000087a00000, 0x0000000087a00000| Complete 
|  93|0x0000000087b00000, 0x0000000087c00000, 0x0000000087c00000|100%|HC|  |TAMS 0x0000000087b00000, 0x0000000087b00000| Complete 
|  94|0x0000000087c00000, 0x0000000087d00000, 0x0000000087d00000|100%|HC|  |TAMS 0x0000000087c00000, 0x0000000087c00000| Complete 
|  95|0x0000000087d00000, 0x0000000087e00000, 0x0000000087e00000|100%|HC|  |TAMS 0x0000000087d00000, 0x0000000087d00000| Complete 
|  96|0x0000000087e00000, 0x0000000087f00000, 0x0000000087f00000|100%|HC|  |TAMS 0x0000000087e00000, 0x0000000087e00000| Complete 
|  97|0x0000000087f00000, 0x0000000088000000, 0x0000000088000000|100%|HC|  |TAMS 0x0000000087f00000, 0x0000000087f00000| Complete 
|  98|0x0000000088000000, 0x0000000088100000, 0x0000000088100000|100%|HC|  |TAMS 0x0000000088000000, 0x0000000088000000| Complete 
|  99|0x0000000088100000, 0x0000000088200000, 0x0000000088200000|100%|HC|  |TAMS 0x0000000088100000, 0x0000000088100000| Complete 
| 100|0x0000000088200000, 0x0000000088300000, 0x0000000088300000|100%|HC|  |TAMS 0x0000000088200000, 0x0000000088200000| Complete 
| 101|0x0000000088300000, 0x0000000088400000, 0x0000000088400000|100%|HC|  |TAMS 0x0000000088300000, 0x0000000088300000| Complete 
| 102|0x0000000088400000, 0x0000000088500000, 0x0000000088500000|100%|HC|  |TAMS 0x0000000088400000, 0x0000000088400000| Complete 
| 103|0x0000000088500000, 0x0000000088600000, 0x0000000088600000|100%|HC|  |TAMS 0x0000000088500000, 0x0000000088500000| Complete 
| 104|0x0000000088600000, 0x0000000088700000, 0x0000000088700000|100%|HC|  |TAMS 0x0000000088600000, 0x0000000088600000| Complete 
| 105|0x0000000088700000, 0x0000000088800000, 0x0000000088800000|100%|HC|  |TAMS 0x0000000088700000, 0x0000000088700000| Complete 
| 106|0x0000000088800000, 0x0000000088900000, 0x0000000088900000|100%|HC|  |TAMS 0x0000000088800000, 0x0000000088800000| Complete 
| 107|0x0000000088900000, 0x0000000088a00000, 0x0000000088a00000|100%|HC|  |TAMS 0x0000000088900000, 0x0000000088900000| Complete 
| 108|0x0000000088a00000, 0x0000000088b00000, 0x0000000088b00000|100%|HC|  |TAMS 0x0000000088a00000, 0x0000000088a00000| Complete 
| 109|0x0000000088b00000, 0x0000000088b00000, 0x0000000088c00000|  0%| F|  |TAMS 0x0000000088b00000, 0x0000000088b00000| Untracked 
| 110|0x0000000088c00000, 0x0000000088c00000, 0x0000000088d00000|  0%| F|  |TAMS 0x0000000088c00000, 0x0000000088c00000| Untracked 
| 111|0x0000000088d00000, 0x0000000088d00000, 0x0000000088e00000|  0%| F|  |TAMS 0x0000000088d00000, 0x0000000088d00000| Untracked 
| 112|0x0000000088e00000, 0x0000000088e00000, 0x0000000088f00000|  0%| F|  |TAMS 0x0000000088e00000, 0x0000000088e00000| Untracked 
| 113|0x0000000088f00000, 0x0000000088f00000, 0x0000000089000000|  0%| F|  |TAMS 0x0000000088f00000, 0x0000000088f00000| Untracked 
| 114|0x0000000089000000, 0x0000000089100000, 0x0000000089100000|100%| E|CS|TAMS 0x0000000089000000, 0x0000000089000000| Complete 
| 115|0x0000000089100000, 0x0000000089200000, 0x0000000089200000|100%| E|CS|TAMS 0x0000000089100000, 0x0000000089100000| Complete 
| 116|0x0000000089200000, 0x0000000089300000, 0x0000000089300000|100%| E|CS|TAMS 0x0000000089200000, 0x0000000089200000| Complete 
| 117|0x0000000089300000, 0x0000000089400000, 0x0000000089400000|100%| E|CS|TAMS 0x0000000089300000, 0x0000000089300000| Complete 
| 118|0x0000000089400000, 0x0000000089500000, 0x0000000089500000|100%| E|CS|TAMS 0x0000000089400000, 0x0000000089400000| Complete 
| 119|0x0000000089500000, 0x0000000089600000, 0x0000000089600000|100%| E|CS|TAMS 0x0000000089500000, 0x0000000089500000| Complete 
| 120|0x0000000089600000, 0x0000000089700000, 0x0000000089700000|100%| E|CS|TAMS 0x0000000089600000, 0x0000000089600000| Complete 
| 121|0x0000000089700000, 0x0000000089800000, 0x0000000089800000|100%| E|CS|TAMS 0x0000000089700000, 0x0000000089700000| Complete 
| 122|0x0000000089800000, 0x0000000089900000, 0x0000000089900000|100%| E|CS|TAMS 0x0000000089800000, 0x0000000089800000| Complete 
| 123|0x0000000089900000, 0x00000000899008f0, 0x0000000089a00000|  0%| S|CS|TAMS 0x0000000089900000, 0x0000000089900000| Complete 
| 124|0x0000000089a00000, 0x0000000089b00000, 0x0000000089b00000|100%| E|CS|TAMS 0x0000000089a00000, 0x0000000089a00000| Complete 
| 125|0x0000000089b00000, 0x0000000089c00000, 0x0000000089c00000|100%| E|CS|TAMS 0x0000000089b00000, 0x0000000089b00000| Complete 
| 126|0x0000000089c00000, 0x0000000089d00000, 0x0000000089d00000|100%| E|CS|TAMS 0x0000000089c00000, 0x0000000089c00000| Complete 
| 127|0x0000000089d00000, 0x0000000089e00000, 0x0000000089e00000|100%| E|CS|TAMS 0x0000000089d00000, 0x0000000089d00000| Complete 
| 128|0x0000000089e00000, 0x0000000089f00000, 0x0000000089f00000|100%|HS|  |TAMS 0x0000000089e00000, 0x0000000089e00000| Complete 
| 129|0x0000000089f00000, 0x000000008a000000, 0x000000008a000000|100%|HC|  |TAMS 0x0000000089f00000, 0x0000000089f00000| Complete 
| 130|0x000000008a000000, 0x000000008a100000, 0x000000008a100000|100%|HC|  |TAMS 0x000000008a000000, 0x000000008a000000| Complete 
| 131|0x000000008a100000, 0x000000008a200000, 0x000000008a200000|100%|HC|  |TAMS 0x000000008a100000, 0x000000008a100000| Complete 
| 132|0x000000008a200000, 0x000000008a300000, 0x000000008a300000|100%|HC|  |TAMS 0x000000008a200000, 0x000000008a200000| Complete 
| 133|0x000000008a300000, 0x000000008a400000, 0x000000008a400000|100%|HC|  |TAMS 0x000000008a300000, 0x000000008a300000| Complete 
| 134|0x000000008a400000, 0x000000008a500000, 0x000000008a500000|100%|HC|  |TAMS 0x000000008a400000, 0x000000008a400000| Complete 
| 135|0x000000008a500000, 0x000000008a600000, 0x000000008a600000|100%|HC|  |TAMS 0x000000008a500000, 0x000000008a500000| Complete 
| 136|0x000000008a600000, 0x000000008a700000, 0x000000008a700000|100%|HC|  |TAMS 0x000000008a600000, 0x000000008a600000| Complete 
| 137|0x000000008a700000, 0x000000008a800000, 0x000000008a800000|100%|HC|  |TAMS 0x000000008a700000, 0x000000008a700000| Complete 
| 138|0x000000008a800000, 0x000000008a900000, 0x000000008a900000|100%|HC|  |TAMS 0x000000008a800000, 0x000000008a800000| Complete 
| 139|0x000000008a900000, 0x000000008aa00000, 0x000000008aa00000|100%|HC|  |TAMS 0x000000008a900000, 0x000000008a900000| Complete 
| 140|0x000000008aa00000, 0x000000008ab00000, 0x000000008ab00000|100%|HC|  |TAMS 0x000000008aa00000, 0x000000008aa00000| Complete 
| 141|0x000000008ab00000, 0x000000008ac00000, 0x000000008ac00000|100%|HC|  |TAMS 0x000000008ab00000, 0x000000008ab00000| Complete 
| 142|0x000000008ac00000, 0x000000008ad00000, 0x000000008ad00000|100%|HC|  |TAMS 0x000000008ac00000, 0x000000008ac00000| Complete 
| 143|0x000000008ad00000, 0x000000008ae00000, 0x000000008ae00000|100%|HC|  |TAMS 0x000000008ad00000, 0x000000008ad00000| Complete 
| 144|0x000000008ae00000, 0x000000008af00000, 0x000000008af00000|100%|HC|  |TAMS 0x000000008ae00000, 0x000000008ae00000| Complete 
| 145|0x000000008af00000, 0x000000008b000000, 0x000000008b000000|100%|HC|  |TAMS 0x000000008af00000, 0x000000008af00000| Complete 
| 146|0x000000008b000000, 0x000000008b100000, 0x000000008b100000|100%|HC|  |TAMS 0x000000008b000000, 0x000000008b000000| Complete 
| 147|0x000000008b100000, 0x000000008b200000, 0x000000008b200000|100%|HC|  |TAMS 0x000000008b100000, 0x000000008b100000| Complete 
| 148|0x000000008b200000, 0x000000008b300000, 0x000000008b300000|100%|HC|  |TAMS 0x000000008b200000, 0x000000008b200000| Complete 
| 149|0x000000008b300000, 0x000000008b400000, 0x000000008b400000|100%|HC|  |TAMS 0x000000008b300000, 0x000000008b300000| Complete 
| 150|0x000000008b400000, 0x000000008b500000, 0x000000008b500000|100%|HC|  |TAMS 0x000000008b400000, 0x000000008b400000| Complete 
| 151|0x000000008b500000, 0x000000008b600000, 0x000000008b600000|100%|HC|  |TAMS 0x000000008b500000, 0x000000008b500000| Complete 
| 152|0x000000008b600000, 0x000000008b700000, 0x000000008b700000|100%|HC|  |TAMS 0x000000008b600000, 0x000000008b600000| Complete 
| 153|0x000000008b700000, 0x000000008b800000, 0x000000008b800000|100%|HC|  |TAMS 0x000000008b700000, 0x000000008b700000| Complete 
| 154|0x000000008b800000, 0x000000008b900000, 0x000000008b900000|100%|HC|  |TAMS 0x000000008b800000, 0x000000008b800000| Complete 
| 155|0x000000008b900000, 0x000000008ba00000, 0x000000008ba00000|100%|HC|  |TAMS 0x000000008b900000, 0x000000008b900000| Complete 
| 156|0x000000008ba00000, 0x000000008bb00000, 0x000000008bb00000|100%|HC|  |TAMS 0x000000008ba00000, 0x000000008ba00000| Complete 
| 157|0x000000008bb00000, 0x000000008bc00000, 0x000000008bc00000|100%|HC|  |TAMS 0x000000008bb00000, 0x000000008bb00000| Complete 
| 158|0x000000008bc00000, 0x000000008bd00000, 0x000000008bd00000|100%|HC|  |TAMS 0x000000008bc00000, 0x000000008bc00000| Complete 
| 159|0x000000008bd00000, 0x000000008be00000, 0x000000008be00000|100%|HC|  |TAMS 0x000000008bd00000, 0x000000008bd00000| Complete 
| 160|0x000000008be00000, 0x000000008bf00000, 0x000000008bf00000|100%|HC|  |TAMS 0x000000008be00000, 0x000000008be00000| Complete 
| 161|0x000000008bf00000, 0x000000008c000000, 0x000000008c000000|100%|HC|  |TAMS 0x000000008bf00000, 0x000000008bf00000| Complete 
| 162|0x000000008c000000, 0x000000008c100000, 0x000000008c100000|100%|HC|  |TAMS 0x000000008c000000, 0x000000008c000000| Complete 
| 163|0x000000008c100000, 0x000000008c200000, 0x000000008c200000|100%|HC|  |TAMS 0x000000008c100000, 0x000000008c100000| Complete 
| 164|0x000000008c200000, 0x000000008c300000, 0x000000008c300000|100%|HC|  |TAMS 0x000000008c200000, 0x000000008c200000| Complete 
| 165|0x000000008c300000, 0x000000008c400000, 0x000000008c400000|100%|HC|  |TAMS 0x000000008c300000, 0x000000008c300000| Complete 
| 166|0x000000008c400000, 0x000000008c500000, 0x000000008c500000|100%|HC|  |TAMS 0x000000008c400000, 0x000000008c400000| Complete 
| 167|0x000000008c500000, 0x000000008c600000, 0x000000008c600000|100%|HC|  |TAMS 0x000000008c500000, 0x000000008c500000| Complete 
| 168|0x000000008c600000, 0x000000008c700000, 0x000000008c700000|100%|HC|  |TAMS 0x000000008c600000, 0x000000008c600000| Complete 
| 169|0x000000008c700000, 0x000000008c800000, 0x000000008c800000|100%|HC|  |TAMS 0x000000008c700000, 0x000000008c700000| Complete 
| 170|0x000000008c800000, 0x000000008c900000, 0x000000008c900000|100%|HC|  |TAMS 0x000000008c800000, 0x000000008c800000| Complete 
| 171|0x000000008c900000, 0x000000008ca00000, 0x000000008ca00000|100%|HC|  |TAMS 0x000000008c900000, 0x000000008c900000| Complete 
| 172|0x000000008ca00000, 0x000000008cb00000, 0x000000008cb00000|100%|HC|  |TAMS 0x000000008ca00000, 0x000000008ca00000| Complete 
| 173|0x000000008cb00000, 0x000000008cc00000, 0x000000008cc00000|100%|HC|  |TAMS 0x000000008cb00000, 0x000000008cb00000| Complete 
| 174|0x000000008cc00000, 0x000000008cd00000, 0x000000008cd00000|100%|HC|  |TAMS 0x000000008cc00000, 0x000000008cc00000| Complete 
| 175|0x000000008cd00000, 0x000000008ce00000, 0x000000008ce00000|100%|HC|  |TAMS 0x000000008cd00000, 0x000000008cd00000| Complete 
| 176|0x000000008ce00000, 0x000000008cf00000, 0x000000008cf00000|100%|HC|  |TAMS 0x000000008ce00000, 0x000000008ce00000| Complete 
| 177|0x000000008cf00000, 0x000000008d000000, 0x000000008d000000|100%|HC|  |TAMS 0x000000008cf00000, 0x000000008cf00000| Complete 
| 178|0x000000008d000000, 0x000000008d100000, 0x000000008d100000|100%|HC|  |TAMS 0x000000008d000000, 0x000000008d000000| Complete 
| 179|0x000000008d100000, 0x000000008d100000, 0x000000008d200000|  0%| F|  |TAMS 0x000000008d100000, 0x000000008d100000| Untracked 
| 180|0x000000008d200000, 0x000000008d200000, 0x000000008d300000|  0%| F|  |TAMS 0x000000008d200000, 0x000000008d200000| Untracked 
| 181|0x000000008d300000, 0x000000008d300000, 0x000000008d400000|  0%| F|  |TAMS 0x000000008d300000, 0x000000008d300000| Untracked 
| 182|0x000000008d400000, 0x000000008d400000, 0x000000008d500000|  0%| F|  |TAMS 0x000000008d400000, 0x000000008d400000| Untracked 
| 183|0x000000008d500000, 0x000000008d500000, 0x000000008d600000|  0%| F|  |TAMS 0x000000008d500000, 0x000000008d500000| Untracked 
| 184|0x000000008d600000, 0x000000008d600000, 0x000000008d700000|  0%| F|  |TAMS 0x000000008d600000, 0x000000008d600000| Untracked 
| 185|0x000000008d700000, 0x000000008d700000, 0x000000008d800000|  0%| F|  |TAMS 0x000000008d700000, 0x000000008d700000| Untracked 
| 186|0x000000008d800000, 0x000000008d800000, 0x000000008d900000|  0%| F|  |TAMS 0x000000008d800000, 0x000000008d800000| Untracked 
| 187|0x000000008d900000, 0x000000008d900000, 0x000000008da00000|  0%| F|  |TAMS 0x000000008d900000, 0x000000008d900000| Untracked 
| 188|0x000000008da00000, 0x000000008da00000, 0x000000008db00000|  0%| F|  |TAMS 0x000000008da00000, 0x000000008da00000| Untracked 
| 189|0x000000008db00000, 0x000000008db00000, 0x000000008dc00000|  0%| F|  |TAMS 0x000000008db00000, 0x000000008db00000| Untracked 
| 190|0x000000008dc00000, 0x000000008dc00000, 0x000000008dd00000|  0%| F|  |TAMS 0x000000008dc00000, 0x000000008dc00000| Untracked 
| 191|0x000000008dd00000, 0x000000008dd00000, 0x000000008de00000|  0%| F|  |TAMS 0x000000008dd00000, 0x000000008dd00000| Untracked 
| 192|0x000000008de00000, 0x000000008df00000, 0x000000008df00000|100%| E|  |TAMS 0x000000008de00000, 0x000000008de00000| Complete 
| 193|0x000000008df00000, 0x000000008e000000, 0x000000008e000000|100%| E|CS|TAMS 0x000000008df00000, 0x000000008df00000| Complete 
| 194|0x000000008e000000, 0x000000008e100000, 0x000000008e100000|100%| E|CS|TAMS 0x000000008e000000, 0x000000008e000000| Complete 
| 195|0x000000008e100000, 0x000000008e200000, 0x000000008e200000|100%| E|CS|TAMS 0x000000008e100000, 0x000000008e100000| Complete 
| 196|0x000000008e200000, 0x000000008e300000, 0x000000008e300000|100%| E|CS|TAMS 0x000000008e200000, 0x000000008e200000| Complete 
| 197|0x000000008e300000, 0x000000008e400000, 0x000000008e400000|100%| E|CS|TAMS 0x000000008e300000, 0x000000008e300000| Complete 
| 198|0x000000008e400000, 0x000000008e500000, 0x000000008e500000|100%| E|CS|TAMS 0x000000008e400000, 0x000000008e400000| Complete 
| 199|0x000000008e500000, 0x000000008e600000, 0x000000008e600000|100%| E|CS|TAMS 0x000000008e500000, 0x000000008e500000| Complete 
| 200|0x000000008e600000, 0x000000008e700000, 0x000000008e700000|100%| E|CS|TAMS 0x000000008e600000, 0x000000008e600000| Complete 
| 201|0x000000008e700000, 0x000000008e800000, 0x000000008e800000|100%| E|CS|TAMS 0x000000008e700000, 0x000000008e700000| Complete 
| 202|0x000000008e800000, 0x000000008e900000, 0x000000008e900000|100%| E|CS|TAMS 0x000000008e800000, 0x000000008e800000| Complete 
| 203|0x000000008e900000, 0x000000008ea00000, 0x000000008ea00000|100%| E|CS|TAMS 0x000000008e900000, 0x000000008e900000| Complete 
| 204|0x000000008ea00000, 0x000000008eb00000, 0x000000008eb00000|100%| E|CS|TAMS 0x000000008ea00000, 0x000000008ea00000| Complete 
| 205|0x000000008eb00000, 0x000000008ec00000, 0x000000008ec00000|100%| E|CS|TAMS 0x000000008eb00000, 0x000000008eb00000| Complete 
| 206|0x000000008ec00000, 0x000000008ed00000, 0x000000008ed00000|100%| E|CS|TAMS 0x000000008ec00000, 0x000000008ec00000| Complete 
| 207|0x000000008ed00000, 0x000000008ee00000, 0x000000008ee00000|100%| E|CS|TAMS 0x000000008ed00000, 0x000000008ed00000| Complete 
| 208|0x000000008ee00000, 0x000000008ef00000, 0x000000008ef00000|100%| E|CS|TAMS 0x000000008ee00000, 0x000000008ee00000| Complete 
| 209|0x000000008ef00000, 0x000000008f000000, 0x000000008f000000|100%| E|CS|TAMS 0x000000008ef00000, 0x000000008ef00000| Complete 
| 210|0x000000008f000000, 0x000000008f000000, 0x000000008f100000|  0%| F|  |TAMS 0x000000008f000000, 0x000000008f000000| Untracked 
| 211|0x000000008f100000, 0x000000008f100000, 0x000000008f200000|  0%| F|  |TAMS 0x000000008f100000, 0x000000008f100000| Untracked 
| 212|0x000000008f200000, 0x000000008f200000, 0x000000008f300000|  0%| F|  |TAMS 0x000000008f200000, 0x000000008f200000| Untracked 
| 213|0x000000008f300000, 0x000000008f300000, 0x000000008f400000|  0%| F|  |TAMS 0x000000008f300000, 0x000000008f300000| Untracked 
| 214|0x000000008f400000, 0x000000008f400000, 0x000000008f500000|  0%| F|  |TAMS 0x000000008f400000, 0x000000008f400000| Untracked 
| 215|0x000000008f500000, 0x000000008f500000, 0x000000008f600000|  0%| F|  |TAMS 0x000000008f500000, 0x000000008f500000| Untracked 
| 216|0x000000008f600000, 0x000000008f600000, 0x000000008f700000|  0%| F|  |TAMS 0x000000008f600000, 0x000000008f600000| Untracked 

Card table byte_map: [0x0000018a78130000,0x0000018a78530000] _byte_map_base: 0x0000018a77d21000

Marking Bits (Prev, Next): (CMBitMap*) 0x0000018a729b76d0, (CMBitMap*) 0x0000018a729b7690
 Prev Bits: [0x0000018a7a8c0000, 0x0000018a7c848000)
 Next Bits: [0x0000018a78930000, 0x0000018a7a8b8000)

Polling page: 0x0000018a72a60000

Metaspace:

Usage:
  Non-class:     12.82 MB used.
      Class:      1.37 MB used.
       Both:     14.20 MB used.

Virtual space:
  Non-class space:       16.00 MB reserved,      12.94 MB ( 81%) committed,  2 nodes.
      Class space:        1.00 GB reserved,       1.50 MB ( <1%) committed,  1 nodes.
              Both:        1.02 GB reserved,      14.44 MB (  1%) committed. 

Chunk freelists:
   Non-Class:  2.98 MB
       Class:  2.54 MB
        Both:  5.52 MB

MaxMetaspaceSize: 17179869184.00 GB
CompressedClassSpaceSize: 1.00 GB
 - commit_granule_bytes: 65536.
 - commit_granule_words: 8192.
 - virtual_space_node_default_size: 1048576.
 - enlarge_chunks_in_place: 1.
 - new_chunks_are_fully_committed: 0.
 - uncommit_free_chunks: 1.
 - use_allocation_guard: 0.
 - handle_deallocations: 1.


Internal statistics:

num_allocs_failed_limit: 0.
num_arena_births: 114.
num_arena_deaths: 0.
num_vsnodes_births: 3.
num_vsnodes_deaths: 0.
num_space_committed: 231.
num_space_uncommitted: 0.
num_chunks_returned_to_freelist: 0.
num_chunks_taken_from_freelist: 181.
num_chunk_merges: 0.
num_chunk_splits: 97.
num_chunks_enlarged: 52.
num_purges: 0.

CodeHeap 'non-profiled nmethods': size=120000Kb used=281Kb max_used=281Kb free=119718Kb
 bounds [0x0000018a07ad0000, 0x0000018a07d40000, 0x0000018a0f000000]
CodeHeap 'profiled nmethods': size=120000Kb used=1664Kb max_used=1664Kb free=118335Kb
 bounds [0x0000018a005a0000, 0x0000018a00810000, 0x0000018a07ad0000]
CodeHeap 'non-nmethods': size=5760Kb used=1251Kb max_used=1265Kb free=4508Kb
 bounds [0x0000018a00000000, 0x0000018a00270000, 0x0000018a005a0000]
 total_blobs=1603 nmethods=1039 adapters=477
 compilation: enabled
              stopped_count=0, restarted_count=0
 full_count=0

Compilation events (20 events):
Event: 1.020 Thread 0x0000018a7f816780 nmethod 1029 0x0000018a0073ab10 code [0x0000018a0073ace0, 0x0000018a0073b168]
Event: 1.020 Thread 0x0000018a7f816780 1030       3       java.util.Random::nextDouble (24 bytes)
Event: 1.020 Thread 0x0000018a7f816780 nmethod 1030 0x0000018a0073b310 code [0x0000018a0073b4e0, 0x0000018a0073b698]
Event: 1.020 Thread 0x0000018a7f815990 nmethod 1031 0x0000018a07b13690 code [0x0000018a07b13800, 0x0000018a07b13898]
Event: 1.021 Thread 0x0000018a7f815990 1032       4       java.util.Random::next (47 bytes)
Event: 1.022 Thread 0x0000018a7f815990 nmethod 1032 0x0000018a07b13990 code [0x0000018a07b13b20, 0x0000018a07b13c18]
Event: 1.023 Thread 0x0000018a7f815990 1033       4       java.util.Arrays::copyOf (40 bytes)
Event: 1.027 Thread 0x0000018a7f815990 nmethod 1033 0x0000018a07b13d10 code [0x0000018a07b13ea0, 0x0000018a07b14278]
Event: 1.027 Thread 0x0000018a7f815990 1034       4       java.util.ArrayList::toArray (12 bytes)
Event: 1.029 Thread 0x0000018a7f815990 nmethod 1034 0x0000018a07b14510 code [0x0000018a07b146a0, 0x0000018a07b14918]
Event: 1.029 Thread 0x0000018a7f815990 1036       4       java.util.Random::nextDouble (24 bytes)
Event: 1.030 Thread 0x0000018a7f815990 nmethod 1036 0x0000018a07b14a10 code [0x0000018a07b14bc0, 0x0000018a07b14d38]
Event: 1.030 Thread 0x0000018a7f815990 1035       4       java.util.ArrayList::addAll (76 bytes)
Event: 1.036 Thread 0x0000018a7f815990 nmethod 1035 0x0000018a07b14e90 code [0x0000018a07b15040, 0x0000018a07b15508]
Event: 1.162 Thread 0x0000018a7f816780 1037 %     3       tud.ai2.solitaire.model.cards.Deck::riffleMerge @ 19 (203 bytes)
Event: 1.163 Thread 0x0000018a7f816780 nmethod 1037% 0x0000018a0073b790 code [0x0000018a0073bb20, 0x0000018a0073d598]
Event: 1.163 Thread 0x0000018a7f816780 1038       3       tud.ai2.solitaire.model.cards.Deck::riffleMerge (203 bytes)
Event: 1.164 Thread 0x0000018a7f816780 nmethod 1038 0x0000018a0073db90 code [0x0000018a0073df80, 0x0000018a0073fc08]
Event: 1.206 Thread 0x0000018a7f815990 1039 %     4       tud.ai2.solitaire.model.cards.Deck::riffleMerge @ 19 (203 bytes)
Event: 1.221 Thread 0x0000018a7f815990 nmethod 1039% 0x0000018a07b15790 code [0x0000018a07b15960, 0x0000018a07b16148]

GC Heap History (10 events):
Event: 1.013 GC heap before
{Heap before GC invocations=0 (full 0):
 garbage-first heap   total 131072K, used 13312K [0x0000000081e00000, 0x0000000100000000)
  region size 1024K, 13 young (13312K), 0 survivors (0K)
 Metaspace       used 14532K, committed 14784K, reserved 1064960K
  class space    used 1407K, committed 1536K, reserved 1048576K
}
Event: 1.018 GC heap after
{Heap after GC invocations=1 (full 0):
 garbage-first heap   total 131072K, used 3165K [0x0000000081e00000, 0x0000000100000000)
  region size 1024K, 2 young (2048K), 2 survivors (2048K)
 Metaspace       used 14532K, committed 14784K, reserved 1064960K
  class space    used 1407K, committed 1536K, reserved 1048576K
}
Event: 1.113 GC heap before
{Heap before GC invocations=1 (full 0):
 garbage-first heap   total 131072K, used 66653K [0x0000000081e00000, 0x0000000100000000)
  region size 1024K, 16 young (16384K), 2 survivors (2048K)
 Metaspace       used 14536K, committed 14784K, reserved 1064960K
  class space    used 1407K, committed 1536K, reserved 1048576K
}
Event: 1.161 GC heap after
{Heap after GC invocations=2 (full 0):
 garbage-first heap   total 131072K, used 52600K [0x0000000081e00000, 0x0000000100000000)
  region size 1024K, 1 young (1024K), 1 survivors (1024K)
 Metaspace       used 14536K, committed 14784K, reserved 1064960K
  class space    used 1407K, committed 1536K, reserved 1048576K
}
Event: 1.166 GC heap before
{Heap before GC invocations=2 (full 0):
 garbage-first heap   total 131072K, used 55672K [0x0000000081e00000, 0x0000000100000000)
  region size 1024K, 5 young (5120K), 1 survivors (1024K)
 Metaspace       used 14539K, committed 14784K, reserved 1064960K
  class space    used 1407K, committed 1536K, reserved 1048576K
}
Event: 1.167 GC heap after
{Heap after GC invocations=3 (full 0):
 garbage-first heap   total 131072K, used 52459K [0x0000000081e00000, 0x0000000100000000)
  region size 1024K, 1 young (1024K), 1 survivors (1024K)
 Metaspace       used 14539K, committed 14784K, reserved 1064960K
  class space    used 1407K, committed 1536K, reserved 1048576K
}
Event: 1.204 GC heap before
{Heap before GC invocations=3 (full 0):
 garbage-first heap   total 131072K, used 81131K [0x0000000081e00000, 0x0000000100000000)
  region size 1024K, 6 young (6144K), 1 survivors (1024K)
 Metaspace       used 14539K, committed 14784K, reserved 1064960K
  class space    used 1407K, committed 1536K, reserved 1048576K
}
Event: 1.205 GC heap after
{Heap after GC invocations=4 (full 0):
 garbage-first heap   total 131072K, used 75970K [0x0000000081e00000, 0x0000000100000000)
  region size 1024K, 1 young (1024K), 1 survivors (1024K)
 Metaspace       used 14539K, committed 14784K, reserved 1064960K
  class space    used 1407K, committed 1536K, reserved 1048576K
}
Event: 1.211 GC heap before
{Heap before GC invocations=4 (full 0):
 garbage-first heap   total 131072K, used 79042K [0x0000000081e00000, 0x0000000100000000)
  region size 1024K, 5 young (5120K), 1 survivors (1024K)
 Metaspace       used 14539K, committed 14784K, reserved 1064960K
  class space    used 1407K, committed 1536K, reserved 1048576K
}
Event: 1.212 GC heap after
{Heap after GC invocations=5 (full 0):
 garbage-first heap   total 131072K, used 75967K [0x0000000081e00000, 0x0000000100000000)
  region size 1024K, 1 young (1024K), 1 survivors (1024K)
 Metaspace       used 14539K, committed 14784K, reserved 1064960K
  class space    used 1407K, committed 1536K, reserved 1048576K
}

Deoptimization events (20 events):
Event: 0.775 Thread 0x0000018a72977c60 DEOPT PACKING pc=0x0000018a005b77d1 sp=0x0000002998ffe710
Event: 0.775 Thread 0x0000018a72977c60 DEOPT UNPACKING pc=0x0000018a0004dece sp=0x0000002998ffdb88 mode 0
Event: 0.847 Thread 0x0000018a72977c60 Uncommon trap: trap_request=0xffffff45 fr.pc=0x0000018a07ad8d44 relative=0x0000000000000224
Event: 0.847 Thread 0x0000018a72977c60 Uncommon trap: reason=unstable_if action=reinterpret pc=0x0000018a07ad8d44 method=java.lang.String.hashCode()I @ 20 c2
Event: 0.847 Thread 0x0000018a72977c60 DEOPT PACKING pc=0x0000018a07ad8d44 sp=0x0000002998ffe900
Event: 0.847 Thread 0x0000018a72977c60 DEOPT UNPACKING pc=0x0000018a0004d72e sp=0x0000002998ffe890 mode 2
Event: 0.920 Thread 0x0000018a72977c60 Uncommon trap: trap_request=0xffffff45 fr.pc=0x0000018a07b06b08 relative=0x00000000000000e8
Event: 0.920 Thread 0x0000018a72977c60 Uncommon trap: reason=unstable_if action=reinterpret pc=0x0000018a07b06b08 method=java.lang.ThreadLocal$ThreadLocalMap.getEntry(Ljava/lang/ThreadLocal;)Ljava/lang/ThreadLocal$ThreadLocalMap$Entry; @ 21 c2
Event: 0.920 Thread 0x0000018a72977c60 DEOPT PACKING pc=0x0000018a07b06b08 sp=0x0000002998ffdac0
Event: 0.920 Thread 0x0000018a72977c60 DEOPT UNPACKING pc=0x0000018a0004d72e sp=0x0000002998ffd9d8 mode 2
Event: 0.920 Thread 0x0000018a72977c60 Uncommon trap: trap_request=0xffffff45 fr.pc=0x0000018a07afd514 relative=0x0000000000000074
Event: 0.920 Thread 0x0000018a72977c60 Uncommon trap: reason=unstable_if action=reinterpret pc=0x0000018a07afd514 method=jdk.internal.misc.Unsafe.convEndian(ZI)I @ 4 c2
Event: 0.920 Thread 0x0000018a72977c60 DEOPT PACKING pc=0x0000018a07afd514 sp=0x0000002998ffd8e0
Event: 0.920 Thread 0x0000018a72977c60 DEOPT UNPACKING pc=0x0000018a0004d72e sp=0x0000002998ffd7e8 mode 2
Event: 0.957 Thread 0x0000018a72977c60 Uncommon trap: trap_request=0xffffff45 fr.pc=0x0000018a07b054c8 relative=0x00000000000000a8
Event: 0.957 Thread 0x0000018a72977c60 Uncommon trap: reason=unstable_if action=reinterpret pc=0x0000018a07b054c8 method=java.nio.Buffer.limit(I)Ljava/nio/Buffer; @ 42 c2
Event: 0.957 Thread 0x0000018a72977c60 DEOPT PACKING pc=0x0000018a07b054c8 sp=0x0000002998ffded0
Event: 0.957 Thread 0x0000018a72977c60 DEOPT UNPACKING pc=0x0000018a0004d72e sp=0x0000002998ffde58 mode 2
Event: 1.270 Thread 0x0000018a72977c60 DEOPT PACKING pc=0x0000018a0073d34f sp=0x0000002998ffef30
Event: 1.270 Thread 0x0000018a72977c60 DEOPT UNPACKING pc=0x0000018a0004dece sp=0x0000002998ffe498 mode 0

Classes unloaded (0 events):
No events

Classes redefined (0 events):
No events

Internal exceptions (15 events):
Event: 0.252 Thread 0x0000018a72977c60 Exception <a 'java/lang/NoSuchMethodError'{0x0000000089c24628}: 'void java.lang.invoke.DirectMethodHandle$Holder.invokeSpecial(java.lang.Object, java.lang.Object, java.lang.Object)'> (0x0000000089c24628) 
thrown [t:\workspace\open\src\hotspot\share\interpreter\linkResolver.cpp, line 790]
Event: 0.320 Thread 0x0000018a72977c60 Exception <a 'java/lang/ClassNotFoundException'{0x0000000089c4b558}: sun/awt/resources/spi/awtProvider> (0x0000000089c4b558) 
thrown [t:\workspace\open\src\hotspot\share\classfile\systemDictionary.cpp, line 256]
Event: 0.371 Thread 0x0000018a72977c60 Exception <a 'java/io/FileNotFoundException'{0x0000000089ca6c08}> (0x0000000089ca6c08) 
thrown [t:\workspace\open\src\hotspot\share\prims\jni.cpp, line 579]
Event: 0.392 Thread 0x0000018a72977c60 Exception <a 'java/io/FileNotFoundException'{0x0000000089cd57c0}> (0x0000000089cd57c0) 
thrown [t:\workspace\open\src\hotspot\share\prims\jni.cpp, line 579]
Event: 0.393 Thread 0x0000018a72977c60 Exception <a 'java/lang/NoSuchMethodError'{0x0000000089cd6b08}: 'java.lang.Object java.lang.invoke.DirectMethodHandle$Holder.invokeStatic(java.lang.Object)'> (0x0000000089cd6b08) 
thrown [t:\workspace\open\src\hotspot\share\interpreter\linkResolver.cpp, line 790]
Event: 0.490 Thread 0x0000018a72977c60 Exception <a 'java/lang/NoSuchMethodError'{0x0000000089b3aa28}: 'java.lang.Object java.lang.invoke.DirectMethodHandle$Holder.invokeStaticInit(java.lang.Object)'> (0x0000000089b3aa28) 
thrown [t:\workspace\open\src\hotspot\share\interpreter\linkResolver.cpp, line 790]
Event: 0.547 Thread 0x0000018a72977c60 Exception <a 'java/lang/NoSuchMethodError'{0x0000000089bee610}: 'java.lang.Object java.lang.invoke.DirectMethodHandle$Holder.newInvokeSpecial(java.lang.Object, java.lang.Object, java.lang.Object, java.lang.Object, java.lang.Object)'> (0x0000000089bee610) 
thrown [t:\workspace\open\src\hotspot\share\interpreter\linkResolver.cpp, line 790]
Event: 0.549 Thread 0x0000018a72977c60 Exception <a 'java/lang/NoSuchMethodError'{0x0000000089bfa0f8}: 'java.lang.Object java.lang.invoke.DirectMethodHandle$Holder.invokeStatic(java.lang.Object, int, java.lang.Object, java.lang.Object, java.lang.Object, java.lang.Object)'> (0x0000000089bfa0f8) 
thrown [t:\workspace\open\src\hotspot\share\interpreter\linkResolver.cpp, line 790]
Event: 0.556 Thread 0x0000018a72977c60 Exception <a 'java/lang/NoSuchMethodError'{0x0000000089a20640}: 'java.lang.Object java.lang.invoke.DirectMethodHandle$Holder.invokeStatic(java.lang.Object, int, java.lang.Object)'> (0x0000000089a20640) 
thrown [t:\workspace\open\src\hotspot\share\interpreter\linkResolver.cpp, line 790]
Event: 0.589 Thread 0x0000018a72977c60 Exception <a 'java/lang/ClassNotFoundException'{0x0000000089ad8e30}: com/sun/swing/internal/plaf/metal/resources/spi/metalProvider> (0x0000000089ad8e30) 
thrown [t:\workspace\open\src\hotspot\share\classfile\systemDictionary.cpp, line 256]
Event: 0.590 Thread 0x0000018a72977c60 Exception <a 'java/lang/ClassNotFoundException'{0x0000000089add2a8}: com/sun/swing/internal/plaf/basic/resources/spi/basicProvider> (0x0000000089add2a8) 
thrown [t:\workspace\open\src\hotspot\share\classfile\systemDictionary.cpp, line 256]
Event: 0.629 Thread 0x0000018a0f04d6e0 Exception <a 'java/lang/NoSuchMethodError'{0x0000000089b95168}: 'void java.lang.invoke.DirectMethodHandle$Holder.invokeVirtual(java.lang.Object, java.lang.Object)'> (0x0000000089b95168) 
thrown [t:\workspace\open\src\hotspot\share\interpreter\linkResolver.cpp, line 790]
Event: 0.675 Thread 0x0000018a72977c60 Exception <a 'java/lang/NoSuchMethodError'{0x000000008991fad8}: 'void java.lang.invoke.DirectMethodHandle$Holder.invokeStaticInit(java.lang.Object)'> (0x000000008991fad8) 
thrown [t:\workspace\open\src\hotspot\share\interpreter\linkResolver.cpp, line 790]
Event: 0.920 Thread 0x0000018a72977c60 Implicit null exception at 0x0000018a07b06a77 to 0x0000018a07b06af0
Event: 0.969 Thread 0x0000018a72977c60 Exception <a 'java/lang/NoSuchMethodError'{0x0000000089148e70}: 'void java.lang.invoke.DirectMethodHandle$Holder.invokeStatic(java.lang.Object, java.lang.Object, java.lang.Object)'> (0x0000000089148e70) 
thrown [t:\workspace\open\src\hotspot\share\interpreter\linkResolver.cpp, line 790]

Events (20 events):
Event: 0.999 loading class com/sun/imageio/plugins/common/ReaderUtil
Event: 0.999 loading class com/sun/imageio/plugins/common/ReaderUtil done
Event: 1.009 loading class java/util/Random
Event: 1.009 loading class java/util/Random done
Event: 1.010 loading class java/awt/event/MouseAdapter
Event: 1.010 loading class java/awt/event/MouseAdapter done
Event: 1.011 loading class java/awt/event/MouseMotionAdapter
Event: 1.011 loading class java/awt/event/MouseMotionAdapter done
Event: 1.012 Executing  VM operation: G1CollectForAllocation
Event: 1.018 Executing  VM operation: G1CollectForAllocation done
Event: 1.113 Executing  VM operation: G1CollectForAllocation
Event: 1.161 Executing  VM operation: G1CollectForAllocation done
Event: 1.166 Executing  VM operation: G1TryInitiateConcMark
Event: 1.167 Executing  VM operation: G1TryInitiateConcMark done
Event: 1.204 Executing  VM operation: G1CollectForAllocation
Event: 1.205 Executing  VM operation: G1CollectForAllocation done
Event: 1.210 Executing  VM operation: G1TryInitiateConcMark
Event: 1.212 Executing  VM operation: G1TryInitiateConcMark done
Event: 1.305 Executing  VM operation: G1Concurrent
Event: 1.321 Executing  VM operation: G1Concurrent done


Dynamic libraries:
0x00007ff622ed0000 - 0x00007ff622ede000 	C:\Users\Thong Beo\.p2\pool\plugins\org.eclipse.justj.openjdk.hotspot.jre.full.win32.x86_64_16.0.2.v20210721-1149\jre\bin\javaw.exe
0x00007ffbdbf30000 - 0x00007ffbdc125000 	C:\Windows\SYSTEM32\ntdll.dll
0x00007ffbdb490000 - 0x00007ffbdb54e000 	C:\Windows\System32\KERNEL32.DLL
0x00007ffbd9680000 - 0x00007ffbd9948000 	C:\Windows\System32\KERNELBASE.dll
0x00007ffbd9950000 - 0x00007ffbd9a50000 	C:\Windows\System32\ucrtbase.dll
0x00007ffbc3640000 - 0x00007ffbc3658000 	C:\Users\Thong Beo\.p2\pool\plugins\org.eclipse.justj.openjdk.hotspot.jre.full.win32.x86_64_16.0.2.v20210721-1149\jre\bin\jli.dll
0x00007ffbda4e0000 - 0x00007ffbda681000 	C:\Windows\System32\USER32.dll
0x00007ffbd9650000 - 0x00007ffbd9672000 	C:\Windows\System32\win32u.dll
0x00007ffbdb130000 - 0x00007ffbdb15b000 	C:\Windows\System32\GDI32.dll
0x00007ffbd9c80000 - 0x00007ffbd9d8b000 	C:\Windows\System32\gdi32full.dll
0x00007ffbd9a50000 - 0x00007ffbd9aed000 	C:\Windows\System32\msvcp_win.dll
0x00007ffbcbee0000 - 0x00007ffbcc17a000 	C:\Windows\WinSxS\amd64_microsoft.windows.common-controls_6595b64144ccf1df_6.0.19041.1110_none_60b5254171f9507e\COMCTL32.dll
0x00007ffbdb3f0000 - 0x00007ffbdb48e000 	C:\Windows\System32\msvcrt.dll
0x00007ffbd1e60000 - 0x00007ffbd1e79000 	C:\Users\Thong Beo\.p2\pool\plugins\org.eclipse.justj.openjdk.hotspot.jre.full.win32.x86_64_16.0.2.v20210721-1149\jre\bin\VCRUNTIME140.dll
0x00007ffbdb630000 - 0x00007ffbdb660000 	C:\Windows\System32\IMM32.DLL
0x00007ffbd5a20000 - 0x00007ffbd5a2c000 	C:\Users\Thong Beo\.p2\pool\plugins\org.eclipse.justj.openjdk.hotspot.jre.full.win32.x86_64_16.0.2.v20210721-1149\jre\bin\vcruntime140_1.dll
0x00007ffbafe60000 - 0x00007ffbafef1000 	C:\Users\Thong Beo\.p2\pool\plugins\org.eclipse.justj.openjdk.hotspot.jre.full.win32.x86_64_16.0.2.v20210721-1149\jre\bin\msvcp140.dll
0x00007ffb88b90000 - 0x00007ffb8973b000 	C:\Users\Thong Beo\.p2\pool\plugins\org.eclipse.justj.openjdk.hotspot.jre.full.win32.x86_64_16.0.2.v20210721-1149\jre\bin\server\jvm.dll
0x00007ffbda690000 - 0x00007ffbda73c000 	C:\Windows\System32\ADVAPI32.dll
0x00007ffbdae80000 - 0x00007ffbdaf1b000 	C:\Windows\System32\sechost.dll
0x00007ffbdb810000 - 0x00007ffbdb93a000 	C:\Windows\System32\RPCRT4.dll
0x00007ffbd9f80000 - 0x00007ffbd9f88000 	C:\Windows\System32\PSAPI.DLL
0x00007ffbd5a70000 - 0x00007ffbd5a79000 	C:\Windows\SYSTEM32\WSOCK32.dll
0x00007ffbdb380000 - 0x00007ffbdb3eb000 	C:\Windows\System32\WS2_32.dll
0x00007ffbcdcd0000 - 0x00007ffbcdcf7000 	C:\Windows\SYSTEM32\WINMM.dll
0x00007ffbd0020000 - 0x00007ffbd002a000 	C:\Windows\SYSTEM32\VERSION.dll
0x00007ffbd7f20000 - 0x00007ffbd7f32000 	C:\Windows\SYSTEM32\kernel.appcore.dll
0x00007ffbd3800000 - 0x00007ffbd380a000 	C:\Users\Thong Beo\.p2\pool\plugins\org.eclipse.justj.openjdk.hotspot.jre.full.win32.x86_64_16.0.2.v20210721-1149\jre\bin\jimage.dll
0x00007ffbc6090000 - 0x00007ffbc6274000 	C:\Windows\SYSTEM32\DBGHELP.DLL
0x00007ffbc6bc0000 - 0x00007ffbc6bec000 	C:\Windows\SYSTEM32\dbgcore.DLL
0x00007ffbd9ef0000 - 0x00007ffbd9f73000 	C:\Windows\System32\bcryptPrimitives.dll
0x00007ffbcbeb0000 - 0x00007ffbcbed5000 	C:\Users\Thong Beo\.p2\pool\plugins\org.eclipse.justj.openjdk.hotspot.jre.full.win32.x86_64_16.0.2.v20210721-1149\jre\bin\java.dll
0x00007ffbced60000 - 0x00007ffbced78000 	C:\Users\Thong Beo\.p2\pool\plugins\org.eclipse.justj.openjdk.hotspot.jre.full.win32.x86_64_16.0.2.v20210721-1149\jre\bin\zip.dll
0x00007ffbda740000 - 0x00007ffbdae7f000 	C:\Windows\System32\SHELL32.dll
0x00007ffbd72e0000 - 0x00007ffbd7a70000 	C:\Windows\SYSTEM32\windows.storage.dll
0x00007ffbd9f90000 - 0x00007ffbda2e5000 	C:\Windows\System32\combase.dll
0x00007ffbd8fd0000 - 0x00007ffbd8ffe000 	C:\Windows\SYSTEM32\Wldp.dll
0x00007ffbdb2d0000 - 0x00007ffbdb37d000 	C:\Windows\System32\SHCORE.dll
0x00007ffbdb5d0000 - 0x00007ffbdb625000 	C:\Windows\System32\shlwapi.dll
0x00007ffbd9590000 - 0x00007ffbd95af000 	C:\Windows\SYSTEM32\profapi.dll
0x00007ffbcda60000 - 0x00007ffbcda79000 	C:\Users\Thong Beo\.p2\pool\plugins\org.eclipse.justj.openjdk.hotspot.jre.full.win32.x86_64_16.0.2.v20210721-1149\jre\bin\net.dll
0x00007ffbca870000 - 0x00007ffbca97c000 	C:\Windows\SYSTEM32\WINHTTP.dll
0x00007ffbd8d30000 - 0x00007ffbd8d9a000 	C:\Windows\system32\mswsock.dll
0x00007ffbcbd90000 - 0x00007ffbcbda3000 	C:\Users\Thong Beo\.p2\pool\plugins\org.eclipse.justj.openjdk.hotspot.jre.full.win32.x86_64_16.0.2.v20210721-1149\jre\bin\nio.dll
0x00007ffb9b2b0000 - 0x00007ffb9b42f000 	C:\Users\Thong Beo\.p2\pool\plugins\org.eclipse.justj.openjdk.hotspot.jre.full.win32.x86_64_16.0.2.v20210721-1149\jre\bin\awt.dll
0x00007ffbdbe20000 - 0x00007ffbdbeed000 	C:\Windows\System32\OLEAUT32.dll
0x00007ffbd64b0000 - 0x00007ffbd6540000 	C:\Windows\SYSTEM32\apphelp.dll
0x00007ffbd68b0000 - 0x00007ffbd68df000 	C:\Windows\system32\DWMAPI.DLL
0x00007ffbd65b0000 - 0x00007ffbd664e000 	C:\Windows\system32\uxtheme.dll
0x00007ffbc4700000 - 0x00007ffbc4825000 	C:\Windows\system32\opengl32.dll
0x00007ffbc7fd0000 - 0x00007ffbc7ffc000 	C:\Windows\SYSTEM32\GLU32.dll
0x00007ffbdaf20000 - 0x00007ffbdb035000 	C:\Windows\System32\MSCTF.dll
0x00007ffbda3b0000 - 0x00007ffbda4da000 	C:\Windows\System32\ole32.dll
0x00007ffbb8eb0000 - 0x00007ffbb8f39000 	C:\Users\Thong Beo\.p2\pool\plugins\org.eclipse.justj.openjdk.hotspot.jre.full.win32.x86_64_16.0.2.v20210721-1149\jre\bin\freetype.dll
0x00007ffb9b780000 - 0x00007ffb9b876000 	C:\Users\Thong Beo\.p2\pool\plugins\org.eclipse.justj.openjdk.hotspot.jre.full.win32.x86_64_16.0.2.v20210721-1149\jre\bin\harfbuzz.dll
0x00007ffbc2bd0000 - 0x00007ffbc2be2000 	C:\Users\Thong Beo\.p2\pool\plugins\org.eclipse.justj.openjdk.hotspot.jre.full.win32.x86_64_16.0.2.v20210721-1149\jre\bin\fontmanager.dll

dbghelp: loaded successfully - version: 4.0.5 - missing functions: none
symbol engine: initialized successfully - sym options: 0x614 - pdb path: .;C:\Users\Thong Beo\.p2\pool\plugins\org.eclipse.justj.openjdk.hotspot.jre.full.win32.x86_64_16.0.2.v20210721-1149\jre\bin;C:\Windows\SYSTEM32;C:\Windows\WinSxS\amd64_microsoft.windows.common-controls_6595b64144ccf1df_6.0.19041.1110_none_60b5254171f9507e;C:\Users\Thong Beo\.p2\pool\plugins\org.eclipse.justj.openjdk.hotspot.jre.full.win32.x86_64_16.0.2.v20210721-1149\jre\bin\server

VM Arguments:
jvm_args: -Dfile.encoding=UTF-8 -XX:+ShowCodeDetailsInExceptionMessages 
java_command: tud.ai2.solitaire.Launch
java_class_path (initial): C:\Users\Thong Beo\Desktop\AI2\AI2 Solitaire\bin;C:\Users\Thong Beo\Desktop\AI2\AI2 Solitaire\lib\stdlib_eclipse.jar
Launcher Type: SUN_STANDARD

[Global flags]
     intx CICompilerCount                          = 3                                         {product} {ergonomic}
     uint ConcGCThreads                            = 1                                         {product} {ergonomic}
     uint G1ConcRefinementThreads                  = 4                                         {product} {ergonomic}
   size_t G1HeapRegionSize                         = 1048576                                   {product} {ergonomic}
    uintx GCDrainStackTargetSize                   = 64                                        {product} {ergonomic}
   size_t InitialHeapSize                          = 134217728                                 {product} {ergonomic}
   size_t MarkStackSize                            = 4194304                                   {product} {ergonomic}
   size_t MaxHeapSize                              = 2116026368                                {product} {ergonomic}
   size_t MaxNewSize                               = 1268776960                                {product} {ergonomic}
   size_t MinHeapDeltaBytes                        = 1048576                                   {product} {ergonomic}
   size_t MinHeapSize                              = 8388608                                   {product} {ergonomic}
    uintx NonNMethodCodeHeapSize                   = 5832780                                {pd product} {ergonomic}
    uintx NonProfiledCodeHeapSize                  = 122912730                              {pd product} {ergonomic}
    uintx ProfiledCodeHeapSize                     = 122912730                              {pd product} {ergonomic}
    uintx ReservedCodeCacheSize                    = 251658240                              {pd product} {ergonomic}
     bool SegmentedCodeCache                       = true                                      {product} {ergonomic}
     bool ShowCodeDetailsInExceptionMessages       = true                                   {manageable} {command line}
   size_t SoftMaxHeapSize                          = 2116026368                             {manageable} {ergonomic}
     bool UseCompressedClassPointers               = true                           {product lp64_product} {ergonomic}
     bool UseCompressedOops                        = true                           {product lp64_product} {ergonomic}
     bool UseG1GC                                  = true                                      {product} {ergonomic}
     bool UseLargePagesIndividualAllocation        = false                                  {pd product} {ergonomic}

Logging:
Log output configuration:
 #0: stdout all=warning uptime,level,tags
 #1: stderr all=off uptime,level,tags

Environment Variables:
PATH=C:/Users/Thong Beo/.p2/pool/plugins/org.eclipse.justj.openjdk.hotspot.jre.full.win32.x86_64_16.0.2.v20210721-1149/jre/bin/server;C:/Users/Thong Beo/.p2/pool/plugins/org.eclipse.justj.openjdk.hotspot.jre.full.win32.x86_64_16.0.2.v20210721-1149/jre/bin;C:\Program Files\Eclipse Foundation\jdk-17.0.0.35-hotspot\bin;C:\Windows\system32;C:\Windows;C:\Windows\System32\Wbem;C:\Windows\System32\WindowsPowerShell\v1.0\;C:\Windows\System32\OpenSSH\;C:\TDM-GCC-64\bin;C:\Users\Thong Beo\AppData\Local\Microsoft\WindowsApps;;C:\Users\Thong Beo\Desktop;
USERNAME=Thong Beo
OS=Windows_NT
PROCESSOR_IDENTIFIER=Intel64 Family 6 Model 61 Stepping 4, GenuineIntel



---------------  S Y S T E M  ---------------

OS:
 Windows 10 , 64 bit Build 19041 (10.0.19041.1348)
OS uptime: 18 days 4:13 hours

CPU: total 4 (initial active 4) (2 cores per cpu, 2 threads per core) family 6 model 61 stepping 4 microcode 0x2f, cx8, cmov, fxsr, ht, mmx, 3dnowpref, sse, sse2, sse3, ssse3, sse4.1, sse4.2, popcnt, lzcnt, tsc, tscinvbit, avx, avx2, aes, erms, clmul, bmi1, bmi2, rtm, adx, fma, vzeroupper, clflush

Memory: 4k page, system-wide physical 8070M (3026M free)
TotalPageFile size 32646M (AvailPageFile size 5M)
current process WorkingSet (physical memory assigned to process): 245M, peak: 245M
current process commit charge ("private bytes"): 302M, peak: 303M

vm_info: OpenJDK 64-Bit Server VM (16.0.2+7-67) for windows-amd64 JRE (16.0.2+7-67), built on Jun  8 2021 23:21:43 by "mach5one" with MS VC++ 16.7 (VS2019)

END.
